[2025-07-27T19:36:18.364+0000] {processor.py:161} INFO - Started process (PID=259) to work on /opt/airflow/dags/github_events_elt_pipeline.py
[2025-07-27T19:36:18.365+0000] {processor.py:830} INFO - Processing file /opt/airflow/dags/github_events_elt_pipeline.py for tasks to queue
[2025-07-27T19:36:18.368+0000] {logging_mixin.py:188} INFO - [2025-07-27T19:36:18.367+0000] {dagbag.py:540} INFO - Filling up the DagBag from /opt/airflow/dags/github_events_elt_pipeline.py
[2025-07-27T19:36:18.436+0000] {logging_mixin.py:188} INFO - [2025-07-27T19:36:18.425+0000] {dagbag.py:350} ERROR - Failed to import: /opt/airflow/dags/github_events_elt_pipeline.py
Traceback (most recent call last):
  File "/home/airflow/.local/lib/python3.10/site-packages/airflow/models/dagbag.py", line 346, in parse
    loader.exec_module(new_module)
  File "<frozen importlib._bootstrap_external>", line 883, in exec_module
  File "<frozen importlib._bootstrap>", line 241, in _call_with_frames_removed
  File "/opt/airflow/dags/github_events_elt_pipeline.py", line 6, in <module>
    from airflow.providers.great_expectations.operators.great_expectations import GreatExpectationsOperator
ModuleNotFoundError: No module named 'airflow.providers.great_expectations'
[2025-07-27T19:36:18.467+0000] {processor.py:842} WARNING - No viable dags retrieved from /opt/airflow/dags/github_events_elt_pipeline.py
[2025-07-27T19:36:18.510+0000] {processor.py:183} INFO - Processing /opt/airflow/dags/github_events_elt_pipeline.py took 0.151 seconds
[2025-07-27T19:36:48.759+0000] {processor.py:161} INFO - Started process (PID=264) to work on /opt/airflow/dags/github_events_elt_pipeline.py
[2025-07-27T19:36:48.761+0000] {processor.py:830} INFO - Processing file /opt/airflow/dags/github_events_elt_pipeline.py for tasks to queue
[2025-07-27T19:36:48.764+0000] {logging_mixin.py:188} INFO - [2025-07-27T19:36:48.763+0000] {dagbag.py:540} INFO - Filling up the DagBag from /opt/airflow/dags/github_events_elt_pipeline.py
[2025-07-27T19:36:48.816+0000] {logging_mixin.py:188} INFO - [2025-07-27T19:36:48.806+0000] {dagbag.py:350} ERROR - Failed to import: /opt/airflow/dags/github_events_elt_pipeline.py
Traceback (most recent call last):
  File "/home/airflow/.local/lib/python3.10/site-packages/airflow/models/dagbag.py", line 346, in parse
    loader.exec_module(new_module)
  File "<frozen importlib._bootstrap_external>", line 883, in exec_module
  File "<frozen importlib._bootstrap>", line 241, in _call_with_frames_removed
  File "/opt/airflow/dags/github_events_elt_pipeline.py", line 6, in <module>
    from airflow.providers.great_expectations.operators.great_expectations import GreatExpectationsOperator
ModuleNotFoundError: No module named 'airflow.providers.great_expectations'
[2025-07-27T19:36:48.820+0000] {processor.py:842} WARNING - No viable dags retrieved from /opt/airflow/dags/github_events_elt_pipeline.py
[2025-07-27T19:36:48.877+0000] {processor.py:183} INFO - Processing /opt/airflow/dags/github_events_elt_pipeline.py took 0.124 seconds
[2025-07-27T19:37:19.221+0000] {processor.py:161} INFO - Started process (PID=269) to work on /opt/airflow/dags/github_events_elt_pipeline.py
[2025-07-27T19:37:19.223+0000] {processor.py:830} INFO - Processing file /opt/airflow/dags/github_events_elt_pipeline.py for tasks to queue
[2025-07-27T19:37:19.224+0000] {logging_mixin.py:188} INFO - [2025-07-27T19:37:19.224+0000] {dagbag.py:540} INFO - Filling up the DagBag from /opt/airflow/dags/github_events_elt_pipeline.py
[2025-07-27T19:37:19.261+0000] {logging_mixin.py:188} INFO - [2025-07-27T19:37:19.254+0000] {dagbag.py:350} ERROR - Failed to import: /opt/airflow/dags/github_events_elt_pipeline.py
Traceback (most recent call last):
  File "/home/airflow/.local/lib/python3.10/site-packages/airflow/models/dagbag.py", line 346, in parse
    loader.exec_module(new_module)
  File "<frozen importlib._bootstrap_external>", line 883, in exec_module
  File "<frozen importlib._bootstrap>", line 241, in _call_with_frames_removed
  File "/opt/airflow/dags/github_events_elt_pipeline.py", line 6, in <module>
    from airflow.providers.great_expectations.operators.great_expectations import GreatExpectationsOperator
ModuleNotFoundError: No module named 'airflow.providers.great_expectations'
[2025-07-27T19:37:19.263+0000] {processor.py:842} WARNING - No viable dags retrieved from /opt/airflow/dags/github_events_elt_pipeline.py
[2025-07-27T19:37:19.320+0000] {processor.py:183} INFO - Processing /opt/airflow/dags/github_events_elt_pipeline.py took 0.102 seconds
[2025-07-27T19:37:49.496+0000] {processor.py:161} INFO - Started process (PID=274) to work on /opt/airflow/dags/github_events_elt_pipeline.py
[2025-07-27T19:37:49.498+0000] {processor.py:830} INFO - Processing file /opt/airflow/dags/github_events_elt_pipeline.py for tasks to queue
[2025-07-27T19:37:49.500+0000] {logging_mixin.py:188} INFO - [2025-07-27T19:37:49.499+0000] {dagbag.py:540} INFO - Filling up the DagBag from /opt/airflow/dags/github_events_elt_pipeline.py
[2025-07-27T19:37:49.540+0000] {logging_mixin.py:188} INFO - [2025-07-27T19:37:49.531+0000] {dagbag.py:350} ERROR - Failed to import: /opt/airflow/dags/github_events_elt_pipeline.py
Traceback (most recent call last):
  File "/home/airflow/.local/lib/python3.10/site-packages/airflow/models/dagbag.py", line 346, in parse
    loader.exec_module(new_module)
  File "<frozen importlib._bootstrap_external>", line 883, in exec_module
  File "<frozen importlib._bootstrap>", line 241, in _call_with_frames_removed
  File "/opt/airflow/dags/github_events_elt_pipeline.py", line 6, in <module>
    from airflow.providers.great_expectations.operators.great_expectations import GreatExpectationsOperator
ModuleNotFoundError: No module named 'airflow.providers.great_expectations'
[2025-07-27T19:37:49.543+0000] {processor.py:842} WARNING - No viable dags retrieved from /opt/airflow/dags/github_events_elt_pipeline.py
[2025-07-27T19:37:49.581+0000] {processor.py:183} INFO - Processing /opt/airflow/dags/github_events_elt_pipeline.py took 0.090 seconds
[2025-07-27T19:38:19.842+0000] {processor.py:161} INFO - Started process (PID=279) to work on /opt/airflow/dags/github_events_elt_pipeline.py
[2025-07-27T19:38:19.844+0000] {processor.py:830} INFO - Processing file /opt/airflow/dags/github_events_elt_pipeline.py for tasks to queue
[2025-07-27T19:38:19.846+0000] {logging_mixin.py:188} INFO - [2025-07-27T19:38:19.845+0000] {dagbag.py:540} INFO - Filling up the DagBag from /opt/airflow/dags/github_events_elt_pipeline.py
[2025-07-27T19:38:19.883+0000] {logging_mixin.py:188} INFO - [2025-07-27T19:38:19.876+0000] {dagbag.py:350} ERROR - Failed to import: /opt/airflow/dags/github_events_elt_pipeline.py
Traceback (most recent call last):
  File "/home/airflow/.local/lib/python3.10/site-packages/airflow/models/dagbag.py", line 346, in parse
    loader.exec_module(new_module)
  File "<frozen importlib._bootstrap_external>", line 883, in exec_module
  File "<frozen importlib._bootstrap>", line 241, in _call_with_frames_removed
  File "/opt/airflow/dags/github_events_elt_pipeline.py", line 6, in <module>
    from airflow.providers.great_expectations.operators.great_expectations import GreatExpectationsOperator
ModuleNotFoundError: No module named 'airflow.providers.great_expectations'
[2025-07-27T19:38:19.885+0000] {processor.py:842} WARNING - No viable dags retrieved from /opt/airflow/dags/github_events_elt_pipeline.py
[2025-07-27T19:38:19.937+0000] {processor.py:183} INFO - Processing /opt/airflow/dags/github_events_elt_pipeline.py took 0.101 seconds
[2025-07-27T19:38:50.288+0000] {processor.py:161} INFO - Started process (PID=284) to work on /opt/airflow/dags/github_events_elt_pipeline.py
[2025-07-27T19:38:50.290+0000] {processor.py:830} INFO - Processing file /opt/airflow/dags/github_events_elt_pipeline.py for tasks to queue
[2025-07-27T19:38:50.291+0000] {logging_mixin.py:188} INFO - [2025-07-27T19:38:50.291+0000] {dagbag.py:540} INFO - Filling up the DagBag from /opt/airflow/dags/github_events_elt_pipeline.py
[2025-07-27T19:38:50.336+0000] {logging_mixin.py:188} INFO - [2025-07-27T19:38:50.326+0000] {dagbag.py:350} ERROR - Failed to import: /opt/airflow/dags/github_events_elt_pipeline.py
Traceback (most recent call last):
  File "/home/airflow/.local/lib/python3.10/site-packages/airflow/models/dagbag.py", line 346, in parse
    loader.exec_module(new_module)
  File "<frozen importlib._bootstrap_external>", line 883, in exec_module
  File "<frozen importlib._bootstrap>", line 241, in _call_with_frames_removed
  File "/opt/airflow/dags/github_events_elt_pipeline.py", line 6, in <module>
    from airflow.providers.great_expectations.operators.great_expectations import GreatExpectationsOperator
ModuleNotFoundError: No module named 'airflow.providers.great_expectations'
[2025-07-27T19:38:50.338+0000] {processor.py:842} WARNING - No viable dags retrieved from /opt/airflow/dags/github_events_elt_pipeline.py
[2025-07-27T19:38:50.369+0000] {processor.py:183} INFO - Processing /opt/airflow/dags/github_events_elt_pipeline.py took 0.086 seconds
[2025-07-27T19:39:20.615+0000] {processor.py:161} INFO - Started process (PID=289) to work on /opt/airflow/dags/github_events_elt_pipeline.py
[2025-07-27T19:39:20.616+0000] {processor.py:830} INFO - Processing file /opt/airflow/dags/github_events_elt_pipeline.py for tasks to queue
[2025-07-27T19:39:20.617+0000] {logging_mixin.py:188} INFO - [2025-07-27T19:39:20.617+0000] {dagbag.py:540} INFO - Filling up the DagBag from /opt/airflow/dags/github_events_elt_pipeline.py
[2025-07-27T19:39:20.658+0000] {logging_mixin.py:188} INFO - [2025-07-27T19:39:20.642+0000] {dagbag.py:350} ERROR - Failed to import: /opt/airflow/dags/github_events_elt_pipeline.py
Traceback (most recent call last):
  File "/home/airflow/.local/lib/python3.10/site-packages/airflow/models/dagbag.py", line 346, in parse
    loader.exec_module(new_module)
  File "<frozen importlib._bootstrap_external>", line 883, in exec_module
  File "<frozen importlib._bootstrap>", line 241, in _call_with_frames_removed
  File "/opt/airflow/dags/github_events_elt_pipeline.py", line 6, in <module>
    from airflow.providers.great_expectations.operators.great_expectations import GreatExpectationsOperator
ModuleNotFoundError: No module named 'airflow.providers.great_expectations'
[2025-07-27T19:39:20.662+0000] {processor.py:842} WARNING - No viable dags retrieved from /opt/airflow/dags/github_events_elt_pipeline.py
[2025-07-27T19:39:20.722+0000] {processor.py:183} INFO - Processing /opt/airflow/dags/github_events_elt_pipeline.py took 0.110 seconds
[2025-07-27T19:39:39.899+0000] {processor.py:161} INFO - Started process (PID=294) to work on /opt/airflow/dags/github_events_elt_pipeline.py
[2025-07-27T19:39:39.901+0000] {processor.py:830} INFO - Processing file /opt/airflow/dags/github_events_elt_pipeline.py for tasks to queue
[2025-07-27T19:39:39.904+0000] {logging_mixin.py:188} INFO - [2025-07-27T19:39:39.904+0000] {dagbag.py:540} INFO - Filling up the DagBag from /opt/airflow/dags/github_events_elt_pipeline.py
[2025-07-27T19:39:39.968+0000] {logging_mixin.py:188} INFO - [2025-07-27T19:39:39.968+0000] {base.py:83} INFO - Using connection ID 'snowflake_default' for task execution.
[2025-07-27T19:39:39.979+0000] {processor.py:840} INFO - DAG(s) 'github_events_elt_pipeline' retrieved from /opt/airflow/dags/github_events_elt_pipeline.py
[2025-07-27T19:39:40.113+0000] {logging_mixin.py:188} INFO - [2025-07-27T19:39:40.112+0000] {override.py:1769} INFO - Created Permission View: can read on DAG:github_events_elt_pipeline
[2025-07-27T19:39:40.126+0000] {logging_mixin.py:188} INFO - [2025-07-27T19:39:40.125+0000] {override.py:1769} INFO - Created Permission View: can edit on DAG:github_events_elt_pipeline
[2025-07-27T19:39:40.135+0000] {logging_mixin.py:188} INFO - [2025-07-27T19:39:40.135+0000] {override.py:1769} INFO - Created Permission View: can delete on DAG:github_events_elt_pipeline
[2025-07-27T19:39:40.136+0000] {logging_mixin.py:188} INFO - [2025-07-27T19:39:40.136+0000] {dag.py:3047} INFO - Sync 1 DAGs
[2025-07-27T19:39:40.153+0000] {logging_mixin.py:188} INFO - [2025-07-27T19:39:40.152+0000] {dag.py:3069} INFO - Creating ORM DAG for github_events_elt_pipeline
[2025-07-27T19:39:40.154+0000] {logging_mixin.py:188} INFO - [2025-07-27T19:39:40.154+0000] {dag.py:3834} INFO - Setting next_dagrun for github_events_elt_pipeline to None, run_after=None
[2025-07-27T19:39:40.189+0000] {processor.py:183} INFO - Processing /opt/airflow/dags/github_events_elt_pipeline.py took 0.295 seconds
[2025-07-27T19:39:43.016+0000] {processor.py:161} INFO - Started process (PID=299) to work on /opt/airflow/dags/github_events_elt_pipeline.py
[2025-07-27T19:39:43.018+0000] {processor.py:830} INFO - Processing file /opt/airflow/dags/github_events_elt_pipeline.py for tasks to queue
[2025-07-27T19:39:43.019+0000] {logging_mixin.py:188} INFO - [2025-07-27T19:39:43.018+0000] {dagbag.py:540} INFO - Filling up the DagBag from /opt/airflow/dags/github_events_elt_pipeline.py
[2025-07-27T19:39:43.089+0000] {logging_mixin.py:188} INFO - [2025-07-27T19:39:43.088+0000] {base.py:83} INFO - Using connection ID 'snowflake_default' for task execution.
[2025-07-27T19:39:43.097+0000] {processor.py:840} INFO - DAG(s) 'github_events_elt_pipeline' retrieved from /opt/airflow/dags/github_events_elt_pipeline.py
[2025-07-27T19:39:43.102+0000] {logging_mixin.py:188} INFO - [2025-07-27T19:39:43.102+0000] {dag.py:3047} INFO - Sync 1 DAGs
[2025-07-27T19:39:43.117+0000] {logging_mixin.py:188} INFO - [2025-07-27T19:39:43.117+0000] {dag.py:3834} INFO - Setting next_dagrun for github_events_elt_pipeline to None, run_after=None
[2025-07-27T19:39:43.152+0000] {processor.py:183} INFO - Processing /opt/airflow/dags/github_events_elt_pipeline.py took 0.139 seconds
[2025-07-27T19:40:13.376+0000] {processor.py:161} INFO - Started process (PID=304) to work on /opt/airflow/dags/github_events_elt_pipeline.py
[2025-07-27T19:40:13.378+0000] {processor.py:830} INFO - Processing file /opt/airflow/dags/github_events_elt_pipeline.py for tasks to queue
[2025-07-27T19:40:13.380+0000] {logging_mixin.py:188} INFO - [2025-07-27T19:40:13.379+0000] {dagbag.py:540} INFO - Filling up the DagBag from /opt/airflow/dags/github_events_elt_pipeline.py
[2025-07-27T19:40:13.450+0000] {logging_mixin.py:188} INFO - [2025-07-27T19:40:13.450+0000] {base.py:83} INFO - Using connection ID 'snowflake_default' for task execution.
[2025-07-27T19:40:13.464+0000] {processor.py:840} INFO - DAG(s) 'github_events_elt_pipeline' retrieved from /opt/airflow/dags/github_events_elt_pipeline.py
[2025-07-27T19:40:13.485+0000] {logging_mixin.py:188} INFO - [2025-07-27T19:40:13.485+0000] {dag.py:3047} INFO - Sync 1 DAGs
[2025-07-27T19:40:13.501+0000] {logging_mixin.py:188} INFO - [2025-07-27T19:40:13.500+0000] {dag.py:3834} INFO - Setting next_dagrun for github_events_elt_pipeline to None, run_after=None
[2025-07-27T19:40:13.538+0000] {processor.py:183} INFO - Processing /opt/airflow/dags/github_events_elt_pipeline.py took 0.166 seconds
[2025-07-27T19:40:44.332+0000] {processor.py:161} INFO - Started process (PID=309) to work on /opt/airflow/dags/github_events_elt_pipeline.py
[2025-07-27T19:40:44.338+0000] {processor.py:830} INFO - Processing file /opt/airflow/dags/github_events_elt_pipeline.py for tasks to queue
[2025-07-27T19:40:44.341+0000] {logging_mixin.py:188} INFO - [2025-07-27T19:40:44.340+0000] {dagbag.py:540} INFO - Filling up the DagBag from /opt/airflow/dags/github_events_elt_pipeline.py
[2025-07-27T19:40:44.409+0000] {logging_mixin.py:188} INFO - [2025-07-27T19:40:44.408+0000] {base.py:83} INFO - Using connection ID 'snowflake_default' for task execution.
[2025-07-27T19:40:44.427+0000] {processor.py:840} INFO - DAG(s) 'github_events_elt_pipeline' retrieved from /opt/airflow/dags/github_events_elt_pipeline.py
[2025-07-27T19:40:44.454+0000] {logging_mixin.py:188} INFO - [2025-07-27T19:40:44.454+0000] {dag.py:3047} INFO - Sync 1 DAGs
[2025-07-27T19:40:44.479+0000] {logging_mixin.py:188} INFO - [2025-07-27T19:40:44.479+0000] {dag.py:3834} INFO - Setting next_dagrun for github_events_elt_pipeline to None, run_after=None
[2025-07-27T19:40:44.515+0000] {processor.py:183} INFO - Processing /opt/airflow/dags/github_events_elt_pipeline.py took 0.190 seconds
[2025-07-27T19:41:14.649+0000] {processor.py:161} INFO - Started process (PID=316) to work on /opt/airflow/dags/github_events_elt_pipeline.py
[2025-07-27T19:41:14.652+0000] {processor.py:830} INFO - Processing file /opt/airflow/dags/github_events_elt_pipeline.py for tasks to queue
[2025-07-27T19:41:14.653+0000] {logging_mixin.py:188} INFO - [2025-07-27T19:41:14.653+0000] {dagbag.py:540} INFO - Filling up the DagBag from /opt/airflow/dags/github_events_elt_pipeline.py
[2025-07-27T19:41:14.697+0000] {logging_mixin.py:188} INFO - [2025-07-27T19:41:14.697+0000] {base.py:83} INFO - Using connection ID 'snowflake_default' for task execution.
[2025-07-27T19:41:14.711+0000] {processor.py:840} INFO - DAG(s) 'github_events_elt_pipeline' retrieved from /opt/airflow/dags/github_events_elt_pipeline.py
[2025-07-27T19:41:14.733+0000] {logging_mixin.py:188} INFO - [2025-07-27T19:41:14.733+0000] {dag.py:3047} INFO - Sync 1 DAGs
[2025-07-27T19:41:14.746+0000] {logging_mixin.py:188} INFO - [2025-07-27T19:41:14.746+0000] {dag.py:3834} INFO - Setting next_dagrun for github_events_elt_pipeline to None, run_after=None
[2025-07-27T19:41:14.815+0000] {processor.py:183} INFO - Processing /opt/airflow/dags/github_events_elt_pipeline.py took 0.170 seconds
[2025-07-27T19:41:45.318+0000] {processor.py:161} INFO - Started process (PID=321) to work on /opt/airflow/dags/github_events_elt_pipeline.py
[2025-07-27T19:41:45.320+0000] {processor.py:830} INFO - Processing file /opt/airflow/dags/github_events_elt_pipeline.py for tasks to queue
[2025-07-27T19:41:45.322+0000] {logging_mixin.py:188} INFO - [2025-07-27T19:41:45.322+0000] {dagbag.py:540} INFO - Filling up the DagBag from /opt/airflow/dags/github_events_elt_pipeline.py
[2025-07-27T19:41:45.379+0000] {logging_mixin.py:188} INFO - [2025-07-27T19:41:45.379+0000] {base.py:83} INFO - Using connection ID 'snowflake_default' for task execution.
[2025-07-27T19:41:45.398+0000] {processor.py:840} INFO - DAG(s) 'github_events_elt_pipeline' retrieved from /opt/airflow/dags/github_events_elt_pipeline.py
[2025-07-27T19:41:45.424+0000] {logging_mixin.py:188} INFO - [2025-07-27T19:41:45.423+0000] {dag.py:3047} INFO - Sync 1 DAGs
[2025-07-27T19:41:45.445+0000] {logging_mixin.py:188} INFO - [2025-07-27T19:41:45.445+0000] {dag.py:3834} INFO - Setting next_dagrun for github_events_elt_pipeline to None, run_after=None
[2025-07-27T19:41:45.512+0000] {processor.py:183} INFO - Processing /opt/airflow/dags/github_events_elt_pipeline.py took 0.198 seconds
[2025-07-27T19:42:15.742+0000] {processor.py:161} INFO - Started process (PID=326) to work on /opt/airflow/dags/github_events_elt_pipeline.py
[2025-07-27T19:42:15.744+0000] {processor.py:830} INFO - Processing file /opt/airflow/dags/github_events_elt_pipeline.py for tasks to queue
[2025-07-27T19:42:15.746+0000] {logging_mixin.py:188} INFO - [2025-07-27T19:42:15.745+0000] {dagbag.py:540} INFO - Filling up the DagBag from /opt/airflow/dags/github_events_elt_pipeline.py
[2025-07-27T19:42:15.808+0000] {logging_mixin.py:188} INFO - [2025-07-27T19:42:15.808+0000] {base.py:83} INFO - Using connection ID 'snowflake_default' for task execution.
[2025-07-27T19:42:15.823+0000] {processor.py:840} INFO - DAG(s) 'github_events_elt_pipeline' retrieved from /opt/airflow/dags/github_events_elt_pipeline.py
[2025-07-27T19:42:15.848+0000] {logging_mixin.py:188} INFO - [2025-07-27T19:42:15.847+0000] {dag.py:3047} INFO - Sync 1 DAGs
[2025-07-27T19:42:15.866+0000] {logging_mixin.py:188} INFO - [2025-07-27T19:42:15.866+0000] {dag.py:3834} INFO - Setting next_dagrun for github_events_elt_pipeline to None, run_after=None
[2025-07-27T19:42:15.899+0000] {processor.py:183} INFO - Processing /opt/airflow/dags/github_events_elt_pipeline.py took 0.161 seconds
[2025-07-27T19:42:46.368+0000] {processor.py:161} INFO - Started process (PID=331) to work on /opt/airflow/dags/github_events_elt_pipeline.py
[2025-07-27T19:42:46.371+0000] {processor.py:830} INFO - Processing file /opt/airflow/dags/github_events_elt_pipeline.py for tasks to queue
[2025-07-27T19:42:46.372+0000] {logging_mixin.py:188} INFO - [2025-07-27T19:42:46.372+0000] {dagbag.py:540} INFO - Filling up the DagBag from /opt/airflow/dags/github_events_elt_pipeline.py
[2025-07-27T19:42:46.441+0000] {logging_mixin.py:188} INFO - [2025-07-27T19:42:46.441+0000] {base.py:83} INFO - Using connection ID 'snowflake_default' for task execution.
[2025-07-27T19:42:46.451+0000] {processor.py:840} INFO - DAG(s) 'github_events_elt_pipeline' retrieved from /opt/airflow/dags/github_events_elt_pipeline.py
[2025-07-27T19:42:46.469+0000] {logging_mixin.py:188} INFO - [2025-07-27T19:42:46.469+0000] {dag.py:3047} INFO - Sync 1 DAGs
[2025-07-27T19:42:46.487+0000] {logging_mixin.py:188} INFO - [2025-07-27T19:42:46.487+0000] {dag.py:3834} INFO - Setting next_dagrun for github_events_elt_pipeline to None, run_after=None
[2025-07-27T19:42:46.577+0000] {processor.py:183} INFO - Processing /opt/airflow/dags/github_events_elt_pipeline.py took 0.212 seconds
[2025-07-27T19:43:16.941+0000] {processor.py:161} INFO - Started process (PID=336) to work on /opt/airflow/dags/github_events_elt_pipeline.py
[2025-07-27T19:43:16.946+0000] {processor.py:830} INFO - Processing file /opt/airflow/dags/github_events_elt_pipeline.py for tasks to queue
[2025-07-27T19:43:16.949+0000] {logging_mixin.py:188} INFO - [2025-07-27T19:43:16.948+0000] {dagbag.py:540} INFO - Filling up the DagBag from /opt/airflow/dags/github_events_elt_pipeline.py
[2025-07-27T19:43:16.992+0000] {logging_mixin.py:188} INFO - [2025-07-27T19:43:16.991+0000] {base.py:83} INFO - Using connection ID 'snowflake_default' for task execution.
[2025-07-27T19:43:17.005+0000] {processor.py:840} INFO - DAG(s) 'github_events_elt_pipeline' retrieved from /opt/airflow/dags/github_events_elt_pipeline.py
[2025-07-27T19:43:17.026+0000] {logging_mixin.py:188} INFO - [2025-07-27T19:43:17.026+0000] {dag.py:3047} INFO - Sync 1 DAGs
[2025-07-27T19:43:17.041+0000] {logging_mixin.py:188} INFO - [2025-07-27T19:43:17.041+0000] {dag.py:3834} INFO - Setting next_dagrun for github_events_elt_pipeline to None, run_after=None
[2025-07-27T19:43:17.068+0000] {processor.py:183} INFO - Processing /opt/airflow/dags/github_events_elt_pipeline.py took 0.133 seconds
[2025-07-27T19:44:24.627+0000] {processor.py:161} INFO - Started process (PID=178) to work on /opt/airflow/dags/github_events_elt_pipeline.py
[2025-07-27T19:44:24.629+0000] {processor.py:830} INFO - Processing file /opt/airflow/dags/github_events_elt_pipeline.py for tasks to queue
[2025-07-27T19:44:24.631+0000] {logging_mixin.py:188} INFO - [2025-07-27T19:44:24.630+0000] {dagbag.py:540} INFO - Filling up the DagBag from /opt/airflow/dags/github_events_elt_pipeline.py
[2025-07-27T19:44:24.695+0000] {logging_mixin.py:188} INFO - [2025-07-27T19:44:24.695+0000] {base.py:83} INFO - Using connection ID 'snowflake_default' for task execution.
[2025-07-27T19:44:24.721+0000] {processor.py:840} INFO - DAG(s) 'github_events_elt_pipeline' retrieved from /opt/airflow/dags/github_events_elt_pipeline.py
[2025-07-27T19:44:24.998+0000] {logging_mixin.py:188} INFO - [2025-07-27T19:44:24.998+0000] {dag.py:3047} INFO - Sync 1 DAGs
[2025-07-27T19:44:25.025+0000] {logging_mixin.py:188} INFO - [2025-07-27T19:44:25.024+0000] {dag.py:3834} INFO - Setting next_dagrun for github_events_elt_pipeline to None, run_after=None
[2025-07-27T19:44:25.064+0000] {processor.py:183} INFO - Processing /opt/airflow/dags/github_events_elt_pipeline.py took 0.441 seconds
[2025-07-27T19:44:55.580+0000] {processor.py:161} INFO - Started process (PID=183) to work on /opt/airflow/dags/github_events_elt_pipeline.py
[2025-07-27T19:44:55.588+0000] {processor.py:830} INFO - Processing file /opt/airflow/dags/github_events_elt_pipeline.py for tasks to queue
[2025-07-27T19:44:55.597+0000] {logging_mixin.py:188} INFO - [2025-07-27T19:44:55.596+0000] {dagbag.py:540} INFO - Filling up the DagBag from /opt/airflow/dags/github_events_elt_pipeline.py
[2025-07-27T19:44:55.959+0000] {logging_mixin.py:188} INFO - [2025-07-27T19:44:55.958+0000] {base.py:83} INFO - Using connection ID 'snowflake_default' for task execution.
[2025-07-27T19:44:55.992+0000] {processor.py:840} INFO - DAG(s) 'github_events_elt_pipeline' retrieved from /opt/airflow/dags/github_events_elt_pipeline.py
[2025-07-27T19:44:56.038+0000] {logging_mixin.py:188} INFO - [2025-07-27T19:44:56.037+0000] {dag.py:3047} INFO - Sync 1 DAGs
[2025-07-27T19:44:56.068+0000] {logging_mixin.py:188} INFO - [2025-07-27T19:44:56.067+0000] {dag.py:3834} INFO - Setting next_dagrun for github_events_elt_pipeline to None, run_after=None
[2025-07-27T19:44:56.117+0000] {processor.py:183} INFO - Processing /opt/airflow/dags/github_events_elt_pipeline.py took 0.547 seconds
[2025-07-27T19:45:26.503+0000] {processor.py:161} INFO - Started process (PID=190) to work on /opt/airflow/dags/github_events_elt_pipeline.py
[2025-07-27T19:45:26.505+0000] {processor.py:830} INFO - Processing file /opt/airflow/dags/github_events_elt_pipeline.py for tasks to queue
[2025-07-27T19:45:26.506+0000] {logging_mixin.py:188} INFO - [2025-07-27T19:45:26.506+0000] {dagbag.py:540} INFO - Filling up the DagBag from /opt/airflow/dags/github_events_elt_pipeline.py
[2025-07-27T19:45:26.547+0000] {logging_mixin.py:188} INFO - [2025-07-27T19:45:26.546+0000] {base.py:83} INFO - Using connection ID 'snowflake_default' for task execution.
[2025-07-27T19:45:26.558+0000] {processor.py:840} INFO - DAG(s) 'github_events_elt_pipeline' retrieved from /opt/airflow/dags/github_events_elt_pipeline.py
[2025-07-27T19:45:26.574+0000] {logging_mixin.py:188} INFO - [2025-07-27T19:45:26.573+0000] {dag.py:3047} INFO - Sync 1 DAGs
[2025-07-27T19:45:26.586+0000] {logging_mixin.py:188} INFO - [2025-07-27T19:45:26.586+0000] {dag.py:3834} INFO - Setting next_dagrun for github_events_elt_pipeline to None, run_after=None
[2025-07-27T19:45:26.606+0000] {processor.py:183} INFO - Processing /opt/airflow/dags/github_events_elt_pipeline.py took 0.107 seconds
[2025-07-27T19:45:56.959+0000] {processor.py:161} INFO - Started process (PID=195) to work on /opt/airflow/dags/github_events_elt_pipeline.py
[2025-07-27T19:45:56.960+0000] {processor.py:830} INFO - Processing file /opt/airflow/dags/github_events_elt_pipeline.py for tasks to queue
[2025-07-27T19:45:56.963+0000] {logging_mixin.py:188} INFO - [2025-07-27T19:45:56.962+0000] {dagbag.py:540} INFO - Filling up the DagBag from /opt/airflow/dags/github_events_elt_pipeline.py
[2025-07-27T19:45:56.995+0000] {logging_mixin.py:188} INFO - [2025-07-27T19:45:56.995+0000] {base.py:83} INFO - Using connection ID 'snowflake_default' for task execution.
[2025-07-27T19:45:57.015+0000] {processor.py:840} INFO - DAG(s) 'github_events_elt_pipeline' retrieved from /opt/airflow/dags/github_events_elt_pipeline.py
[2025-07-27T19:45:57.053+0000] {logging_mixin.py:188} INFO - [2025-07-27T19:45:57.052+0000] {dag.py:3047} INFO - Sync 1 DAGs
[2025-07-27T19:45:57.078+0000] {logging_mixin.py:188} INFO - [2025-07-27T19:45:57.078+0000] {dag.py:3834} INFO - Setting next_dagrun for github_events_elt_pipeline to None, run_after=None
[2025-07-27T19:45:57.110+0000] {processor.py:183} INFO - Processing /opt/airflow/dags/github_events_elt_pipeline.py took 0.154 seconds
[2025-07-27T19:46:27.328+0000] {processor.py:161} INFO - Started process (PID=200) to work on /opt/airflow/dags/github_events_elt_pipeline.py
[2025-07-27T19:46:27.329+0000] {processor.py:830} INFO - Processing file /opt/airflow/dags/github_events_elt_pipeline.py for tasks to queue
[2025-07-27T19:46:27.332+0000] {logging_mixin.py:188} INFO - [2025-07-27T19:46:27.332+0000] {dagbag.py:540} INFO - Filling up the DagBag from /opt/airflow/dags/github_events_elt_pipeline.py
[2025-07-27T19:46:27.388+0000] {logging_mixin.py:188} INFO - [2025-07-27T19:46:27.387+0000] {base.py:83} INFO - Using connection ID 'snowflake_default' for task execution.
[2025-07-27T19:46:27.399+0000] {processor.py:840} INFO - DAG(s) 'github_events_elt_pipeline' retrieved from /opt/airflow/dags/github_events_elt_pipeline.py
[2025-07-27T19:46:27.417+0000] {logging_mixin.py:188} INFO - [2025-07-27T19:46:27.417+0000] {dag.py:3047} INFO - Sync 1 DAGs
[2025-07-27T19:46:27.432+0000] {logging_mixin.py:188} INFO - [2025-07-27T19:46:27.431+0000] {dag.py:3834} INFO - Setting next_dagrun for github_events_elt_pipeline to None, run_after=None
[2025-07-27T19:46:27.520+0000] {processor.py:183} INFO - Processing /opt/airflow/dags/github_events_elt_pipeline.py took 0.195 seconds
[2025-07-27T19:46:57.931+0000] {processor.py:161} INFO - Started process (PID=205) to work on /opt/airflow/dags/github_events_elt_pipeline.py
[2025-07-27T19:46:57.933+0000] {processor.py:830} INFO - Processing file /opt/airflow/dags/github_events_elt_pipeline.py for tasks to queue
[2025-07-27T19:46:57.935+0000] {logging_mixin.py:188} INFO - [2025-07-27T19:46:57.935+0000] {dagbag.py:540} INFO - Filling up the DagBag from /opt/airflow/dags/github_events_elt_pipeline.py
[2025-07-27T19:46:57.978+0000] {logging_mixin.py:188} INFO - [2025-07-27T19:46:57.978+0000] {base.py:83} INFO - Using connection ID 'snowflake_default' for task execution.
[2025-07-27T19:46:57.998+0000] {processor.py:840} INFO - DAG(s) 'github_events_elt_pipeline' retrieved from /opt/airflow/dags/github_events_elt_pipeline.py
[2025-07-27T19:46:58.024+0000] {logging_mixin.py:188} INFO - [2025-07-27T19:46:58.023+0000] {dag.py:3047} INFO - Sync 1 DAGs
[2025-07-27T19:46:58.043+0000] {logging_mixin.py:188} INFO - [2025-07-27T19:46:58.042+0000] {dag.py:3834} INFO - Setting next_dagrun for github_events_elt_pipeline to None, run_after=None
[2025-07-27T19:46:58.069+0000] {processor.py:183} INFO - Processing /opt/airflow/dags/github_events_elt_pipeline.py took 0.140 seconds
[2025-07-27T19:47:28.442+0000] {processor.py:161} INFO - Started process (PID=210) to work on /opt/airflow/dags/github_events_elt_pipeline.py
[2025-07-27T19:47:28.444+0000] {processor.py:830} INFO - Processing file /opt/airflow/dags/github_events_elt_pipeline.py for tasks to queue
[2025-07-27T19:47:28.446+0000] {logging_mixin.py:188} INFO - [2025-07-27T19:47:28.446+0000] {dagbag.py:540} INFO - Filling up the DagBag from /opt/airflow/dags/github_events_elt_pipeline.py
[2025-07-27T19:47:28.496+0000] {logging_mixin.py:188} INFO - [2025-07-27T19:47:28.495+0000] {base.py:83} INFO - Using connection ID 'snowflake_default' for task execution.
[2025-07-27T19:47:28.511+0000] {processor.py:840} INFO - DAG(s) 'github_events_elt_pipeline' retrieved from /opt/airflow/dags/github_events_elt_pipeline.py
[2025-07-27T19:47:28.539+0000] {logging_mixin.py:188} INFO - [2025-07-27T19:47:28.538+0000] {dag.py:3047} INFO - Sync 1 DAGs
[2025-07-27T19:47:28.557+0000] {logging_mixin.py:188} INFO - [2025-07-27T19:47:28.557+0000] {dag.py:3834} INFO - Setting next_dagrun for github_events_elt_pipeline to None, run_after=None
[2025-07-27T19:47:28.586+0000] {processor.py:183} INFO - Processing /opt/airflow/dags/github_events_elt_pipeline.py took 0.148 seconds
[2025-07-27T19:47:58.886+0000] {processor.py:161} INFO - Started process (PID=215) to work on /opt/airflow/dags/github_events_elt_pipeline.py
[2025-07-27T19:47:58.887+0000] {processor.py:830} INFO - Processing file /opt/airflow/dags/github_events_elt_pipeline.py for tasks to queue
[2025-07-27T19:47:58.889+0000] {logging_mixin.py:188} INFO - [2025-07-27T19:47:58.888+0000] {dagbag.py:540} INFO - Filling up the DagBag from /opt/airflow/dags/github_events_elt_pipeline.py
[2025-07-27T19:47:58.962+0000] {logging_mixin.py:188} INFO - [2025-07-27T19:47:58.961+0000] {base.py:83} INFO - Using connection ID 'snowflake_default' for task execution.
[2025-07-27T19:47:58.975+0000] {processor.py:840} INFO - DAG(s) 'github_events_elt_pipeline' retrieved from /opt/airflow/dags/github_events_elt_pipeline.py
[2025-07-27T19:47:58.999+0000] {logging_mixin.py:188} INFO - [2025-07-27T19:47:58.999+0000] {dag.py:3047} INFO - Sync 1 DAGs
[2025-07-27T19:47:59.021+0000] {logging_mixin.py:188} INFO - [2025-07-27T19:47:59.021+0000] {dag.py:3834} INFO - Setting next_dagrun for github_events_elt_pipeline to None, run_after=None
[2025-07-27T19:47:59.080+0000] {processor.py:183} INFO - Processing /opt/airflow/dags/github_events_elt_pipeline.py took 0.199 seconds
[2025-07-27T19:48:29.419+0000] {processor.py:161} INFO - Started process (PID=220) to work on /opt/airflow/dags/github_events_elt_pipeline.py
[2025-07-27T19:48:29.421+0000] {processor.py:830} INFO - Processing file /opt/airflow/dags/github_events_elt_pipeline.py for tasks to queue
[2025-07-27T19:48:29.423+0000] {logging_mixin.py:188} INFO - [2025-07-27T19:48:29.422+0000] {dagbag.py:540} INFO - Filling up the DagBag from /opt/airflow/dags/github_events_elt_pipeline.py
[2025-07-27T19:48:29.498+0000] {logging_mixin.py:188} INFO - [2025-07-27T19:48:29.497+0000] {base.py:83} INFO - Using connection ID 'snowflake_default' for task execution.
[2025-07-27T19:48:29.507+0000] {processor.py:840} INFO - DAG(s) 'github_events_elt_pipeline' retrieved from /opt/airflow/dags/github_events_elt_pipeline.py
[2025-07-27T19:48:29.525+0000] {logging_mixin.py:188} INFO - [2025-07-27T19:48:29.525+0000] {dag.py:3047} INFO - Sync 1 DAGs
[2025-07-27T19:48:29.546+0000] {logging_mixin.py:188} INFO - [2025-07-27T19:48:29.546+0000] {dag.py:3834} INFO - Setting next_dagrun for github_events_elt_pipeline to None, run_after=None
[2025-07-27T19:48:29.605+0000] {processor.py:183} INFO - Processing /opt/airflow/dags/github_events_elt_pipeline.py took 0.188 seconds
[2025-07-27T19:48:59.869+0000] {processor.py:161} INFO - Started process (PID=225) to work on /opt/airflow/dags/github_events_elt_pipeline.py
[2025-07-27T19:48:59.872+0000] {processor.py:830} INFO - Processing file /opt/airflow/dags/github_events_elt_pipeline.py for tasks to queue
[2025-07-27T19:48:59.875+0000] {logging_mixin.py:188} INFO - [2025-07-27T19:48:59.874+0000] {dagbag.py:540} INFO - Filling up the DagBag from /opt/airflow/dags/github_events_elt_pipeline.py
[2025-07-27T19:48:59.936+0000] {logging_mixin.py:188} INFO - [2025-07-27T19:48:59.935+0000] {base.py:83} INFO - Using connection ID 'snowflake_default' for task execution.
[2025-07-27T19:48:59.948+0000] {processor.py:840} INFO - DAG(s) 'github_events_elt_pipeline' retrieved from /opt/airflow/dags/github_events_elt_pipeline.py
[2025-07-27T19:48:59.970+0000] {logging_mixin.py:188} INFO - [2025-07-27T19:48:59.970+0000] {dag.py:3047} INFO - Sync 1 DAGs
[2025-07-27T19:48:59.991+0000] {logging_mixin.py:188} INFO - [2025-07-27T19:48:59.991+0000] {dag.py:3834} INFO - Setting next_dagrun for github_events_elt_pipeline to None, run_after=None
[2025-07-27T19:49:00.086+0000] {processor.py:183} INFO - Processing /opt/airflow/dags/github_events_elt_pipeline.py took 0.222 seconds
[2025-07-27T19:49:30.523+0000] {processor.py:161} INFO - Started process (PID=230) to work on /opt/airflow/dags/github_events_elt_pipeline.py
[2025-07-27T19:49:30.526+0000] {processor.py:830} INFO - Processing file /opt/airflow/dags/github_events_elt_pipeline.py for tasks to queue
[2025-07-27T19:49:30.528+0000] {logging_mixin.py:188} INFO - [2025-07-27T19:49:30.528+0000] {dagbag.py:540} INFO - Filling up the DagBag from /opt/airflow/dags/github_events_elt_pipeline.py
[2025-07-27T19:49:30.579+0000] {logging_mixin.py:188} INFO - [2025-07-27T19:49:30.579+0000] {base.py:83} INFO - Using connection ID 'snowflake_default' for task execution.
[2025-07-27T19:49:30.587+0000] {processor.py:840} INFO - DAG(s) 'github_events_elt_pipeline' retrieved from /opt/airflow/dags/github_events_elt_pipeline.py
[2025-07-27T19:49:30.603+0000] {logging_mixin.py:188} INFO - [2025-07-27T19:49:30.603+0000] {dag.py:3047} INFO - Sync 1 DAGs
[2025-07-27T19:49:30.618+0000] {logging_mixin.py:188} INFO - [2025-07-27T19:49:30.618+0000] {dag.py:3834} INFO - Setting next_dagrun for github_events_elt_pipeline to None, run_after=None
[2025-07-27T19:49:30.673+0000] {processor.py:183} INFO - Processing /opt/airflow/dags/github_events_elt_pipeline.py took 0.158 seconds
[2025-07-27T19:50:01.076+0000] {processor.py:161} INFO - Started process (PID=235) to work on /opt/airflow/dags/github_events_elt_pipeline.py
[2025-07-27T19:50:01.079+0000] {processor.py:830} INFO - Processing file /opt/airflow/dags/github_events_elt_pipeline.py for tasks to queue
[2025-07-27T19:50:01.080+0000] {logging_mixin.py:188} INFO - [2025-07-27T19:50:01.080+0000] {dagbag.py:540} INFO - Filling up the DagBag from /opt/airflow/dags/github_events_elt_pipeline.py
[2025-07-27T19:50:01.139+0000] {logging_mixin.py:188} INFO - [2025-07-27T19:50:01.139+0000] {base.py:83} INFO - Using connection ID 'snowflake_default' for task execution.
[2025-07-27T19:50:01.156+0000] {processor.py:840} INFO - DAG(s) 'github_events_elt_pipeline' retrieved from /opt/airflow/dags/github_events_elt_pipeline.py
[2025-07-27T19:50:01.184+0000] {logging_mixin.py:188} INFO - [2025-07-27T19:50:01.184+0000] {dag.py:3047} INFO - Sync 1 DAGs
[2025-07-27T19:50:01.200+0000] {logging_mixin.py:188} INFO - [2025-07-27T19:50:01.200+0000] {dag.py:3834} INFO - Setting next_dagrun for github_events_elt_pipeline to None, run_after=None
[2025-07-27T19:50:01.224+0000] {processor.py:183} INFO - Processing /opt/airflow/dags/github_events_elt_pipeline.py took 0.154 seconds
[2025-07-27T19:51:29.503+0000] {processor.py:161} INFO - Started process (PID=178) to work on /opt/airflow/dags/github_events_elt_pipeline.py
[2025-07-27T19:51:29.505+0000] {processor.py:830} INFO - Processing file /opt/airflow/dags/github_events_elt_pipeline.py for tasks to queue
[2025-07-27T19:51:29.507+0000] {logging_mixin.py:188} INFO - [2025-07-27T19:51:29.507+0000] {dagbag.py:540} INFO - Filling up the DagBag from /opt/airflow/dags/github_events_elt_pipeline.py
[2025-07-27T19:51:29.580+0000] {logging_mixin.py:188} INFO - [2025-07-27T19:51:29.579+0000] {base.py:83} INFO - Using connection ID 'snowflake_default' for task execution.
[2025-07-27T19:51:29.617+0000] {processor.py:840} INFO - DAG(s) 'github_events_elt_pipeline' retrieved from /opt/airflow/dags/github_events_elt_pipeline.py
[2025-07-27T19:51:29.968+0000] {logging_mixin.py:188} INFO - [2025-07-27T19:51:29.968+0000] {dag.py:3047} INFO - Sync 1 DAGs
[2025-07-27T19:51:29.989+0000] {logging_mixin.py:188} INFO - [2025-07-27T19:51:29.988+0000] {dag.py:3834} INFO - Setting next_dagrun for github_events_elt_pipeline to None, run_after=None
[2025-07-27T19:51:30.051+0000] {processor.py:183} INFO - Processing /opt/airflow/dags/github_events_elt_pipeline.py took 0.555 seconds
[2025-07-27T19:52:00.386+0000] {processor.py:161} INFO - Started process (PID=183) to work on /opt/airflow/dags/github_events_elt_pipeline.py
[2025-07-27T19:52:00.388+0000] {processor.py:830} INFO - Processing file /opt/airflow/dags/github_events_elt_pipeline.py for tasks to queue
[2025-07-27T19:52:00.389+0000] {logging_mixin.py:188} INFO - [2025-07-27T19:52:00.389+0000] {dagbag.py:540} INFO - Filling up the DagBag from /opt/airflow/dags/github_events_elt_pipeline.py
[2025-07-27T19:52:00.440+0000] {logging_mixin.py:188} INFO - [2025-07-27T19:52:00.439+0000] {base.py:83} INFO - Using connection ID 'snowflake_default' for task execution.
[2025-07-27T19:52:00.452+0000] {processor.py:840} INFO - DAG(s) 'github_events_elt_pipeline' retrieved from /opt/airflow/dags/github_events_elt_pipeline.py
[2025-07-27T19:52:00.474+0000] {logging_mixin.py:188} INFO - [2025-07-27T19:52:00.474+0000] {dag.py:3047} INFO - Sync 1 DAGs
[2025-07-27T19:52:00.494+0000] {logging_mixin.py:188} INFO - [2025-07-27T19:52:00.494+0000] {dag.py:3834} INFO - Setting next_dagrun for github_events_elt_pipeline to None, run_after=None
[2025-07-27T19:52:00.551+0000] {processor.py:183} INFO - Processing /opt/airflow/dags/github_events_elt_pipeline.py took 0.172 seconds
[2025-07-27T19:52:30.698+0000] {processor.py:161} INFO - Started process (PID=190) to work on /opt/airflow/dags/github_events_elt_pipeline.py
[2025-07-27T19:52:30.700+0000] {processor.py:830} INFO - Processing file /opt/airflow/dags/github_events_elt_pipeline.py for tasks to queue
[2025-07-27T19:52:30.701+0000] {logging_mixin.py:188} INFO - [2025-07-27T19:52:30.700+0000] {dagbag.py:540} INFO - Filling up the DagBag from /opt/airflow/dags/github_events_elt_pipeline.py
[2025-07-27T19:52:30.777+0000] {logging_mixin.py:188} INFO - [2025-07-27T19:52:30.777+0000] {base.py:83} INFO - Using connection ID 'snowflake_default' for task execution.
[2025-07-27T19:52:30.787+0000] {processor.py:840} INFO - DAG(s) 'github_events_elt_pipeline' retrieved from /opt/airflow/dags/github_events_elt_pipeline.py
[2025-07-27T19:52:30.805+0000] {logging_mixin.py:188} INFO - [2025-07-27T19:52:30.805+0000] {dag.py:3047} INFO - Sync 1 DAGs
[2025-07-27T19:52:30.822+0000] {logging_mixin.py:188} INFO - [2025-07-27T19:52:30.822+0000] {dag.py:3834} INFO - Setting next_dagrun for github_events_elt_pipeline to None, run_after=None
[2025-07-27T19:52:30.880+0000] {processor.py:183} INFO - Processing /opt/airflow/dags/github_events_elt_pipeline.py took 0.185 seconds
[2025-07-27T19:53:01.334+0000] {processor.py:161} INFO - Started process (PID=195) to work on /opt/airflow/dags/github_events_elt_pipeline.py
[2025-07-27T19:53:01.336+0000] {processor.py:830} INFO - Processing file /opt/airflow/dags/github_events_elt_pipeline.py for tasks to queue
[2025-07-27T19:53:01.338+0000] {logging_mixin.py:188} INFO - [2025-07-27T19:53:01.338+0000] {dagbag.py:540} INFO - Filling up the DagBag from /opt/airflow/dags/github_events_elt_pipeline.py
[2025-07-27T19:53:01.389+0000] {logging_mixin.py:188} INFO - [2025-07-27T19:53:01.388+0000] {base.py:83} INFO - Using connection ID 'snowflake_default' for task execution.
[2025-07-27T19:53:01.408+0000] {processor.py:840} INFO - DAG(s) 'github_events_elt_pipeline' retrieved from /opt/airflow/dags/github_events_elt_pipeline.py
[2025-07-27T19:53:01.431+0000] {logging_mixin.py:188} INFO - [2025-07-27T19:53:01.431+0000] {dag.py:3047} INFO - Sync 1 DAGs
[2025-07-27T19:53:01.442+0000] {logging_mixin.py:188} INFO - [2025-07-27T19:53:01.442+0000] {dag.py:3834} INFO - Setting next_dagrun for github_events_elt_pipeline to None, run_after=None
[2025-07-27T19:53:01.501+0000] {processor.py:183} INFO - Processing /opt/airflow/dags/github_events_elt_pipeline.py took 0.172 seconds
[2025-07-27T19:53:31.824+0000] {processor.py:161} INFO - Started process (PID=200) to work on /opt/airflow/dags/github_events_elt_pipeline.py
[2025-07-27T19:53:31.825+0000] {processor.py:830} INFO - Processing file /opt/airflow/dags/github_events_elt_pipeline.py for tasks to queue
[2025-07-27T19:53:31.827+0000] {logging_mixin.py:188} INFO - [2025-07-27T19:53:31.826+0000] {dagbag.py:540} INFO - Filling up the DagBag from /opt/airflow/dags/github_events_elt_pipeline.py
[2025-07-27T19:53:31.924+0000] {logging_mixin.py:188} INFO - [2025-07-27T19:53:31.924+0000] {base.py:83} INFO - Using connection ID 'snowflake_default' for task execution.
[2025-07-27T19:53:31.946+0000] {processor.py:840} INFO - DAG(s) 'github_events_elt_pipeline' retrieved from /opt/airflow/dags/github_events_elt_pipeline.py
[2025-07-27T19:53:31.969+0000] {logging_mixin.py:188} INFO - [2025-07-27T19:53:31.969+0000] {dag.py:3047} INFO - Sync 1 DAGs
[2025-07-27T19:53:31.982+0000] {logging_mixin.py:188} INFO - [2025-07-27T19:53:31.982+0000] {dag.py:3834} INFO - Setting next_dagrun for github_events_elt_pipeline to None, run_after=None
[2025-07-27T19:53:32.051+0000] {processor.py:183} INFO - Processing /opt/airflow/dags/github_events_elt_pipeline.py took 0.230 seconds
[2025-07-27T19:54:02.401+0000] {processor.py:161} INFO - Started process (PID=205) to work on /opt/airflow/dags/github_events_elt_pipeline.py
[2025-07-27T19:54:02.402+0000] {processor.py:830} INFO - Processing file /opt/airflow/dags/github_events_elt_pipeline.py for tasks to queue
[2025-07-27T19:54:02.403+0000] {logging_mixin.py:188} INFO - [2025-07-27T19:54:02.402+0000] {dagbag.py:540} INFO - Filling up the DagBag from /opt/airflow/dags/github_events_elt_pipeline.py
[2025-07-27T19:54:02.472+0000] {logging_mixin.py:188} INFO - [2025-07-27T19:54:02.472+0000] {base.py:83} INFO - Using connection ID 'snowflake_default' for task execution.
[2025-07-27T19:54:02.490+0000] {processor.py:840} INFO - DAG(s) 'github_events_elt_pipeline' retrieved from /opt/airflow/dags/github_events_elt_pipeline.py
[2025-07-27T19:54:02.508+0000] {logging_mixin.py:188} INFO - [2025-07-27T19:54:02.507+0000] {dag.py:3047} INFO - Sync 1 DAGs
[2025-07-27T19:54:02.519+0000] {logging_mixin.py:188} INFO - [2025-07-27T19:54:02.519+0000] {dag.py:3834} INFO - Setting next_dagrun for github_events_elt_pipeline to None, run_after=None
[2025-07-27T19:54:02.545+0000] {processor.py:183} INFO - Processing /opt/airflow/dags/github_events_elt_pipeline.py took 0.147 seconds
[2025-07-27T19:54:32.986+0000] {processor.py:161} INFO - Started process (PID=210) to work on /opt/airflow/dags/github_events_elt_pipeline.py
[2025-07-27T19:54:32.989+0000] {processor.py:830} INFO - Processing file /opt/airflow/dags/github_events_elt_pipeline.py for tasks to queue
[2025-07-27T19:54:32.991+0000] {logging_mixin.py:188} INFO - [2025-07-27T19:54:32.991+0000] {dagbag.py:540} INFO - Filling up the DagBag from /opt/airflow/dags/github_events_elt_pipeline.py
[2025-07-27T19:54:33.082+0000] {logging_mixin.py:188} INFO - [2025-07-27T19:54:33.081+0000] {base.py:83} INFO - Using connection ID 'snowflake_default' for task execution.
[2025-07-27T19:54:33.096+0000] {processor.py:840} INFO - DAG(s) 'github_events_elt_pipeline' retrieved from /opt/airflow/dags/github_events_elt_pipeline.py
[2025-07-27T19:54:33.120+0000] {logging_mixin.py:188} INFO - [2025-07-27T19:54:33.120+0000] {dag.py:3047} INFO - Sync 1 DAGs
[2025-07-27T19:54:33.136+0000] {logging_mixin.py:188} INFO - [2025-07-27T19:54:33.136+0000] {dag.py:3834} INFO - Setting next_dagrun for github_events_elt_pipeline to None, run_after=None
[2025-07-27T19:54:33.196+0000] {processor.py:183} INFO - Processing /opt/airflow/dags/github_events_elt_pipeline.py took 0.214 seconds
[2025-07-27T19:55:03.649+0000] {processor.py:161} INFO - Started process (PID=215) to work on /opt/airflow/dags/github_events_elt_pipeline.py
[2025-07-27T19:55:03.658+0000] {processor.py:830} INFO - Processing file /opt/airflow/dags/github_events_elt_pipeline.py for tasks to queue
[2025-07-27T19:55:03.664+0000] {logging_mixin.py:188} INFO - [2025-07-27T19:55:03.664+0000] {dagbag.py:540} INFO - Filling up the DagBag from /opt/airflow/dags/github_events_elt_pipeline.py
[2025-07-27T19:55:03.807+0000] {logging_mixin.py:188} INFO - [2025-07-27T19:55:03.807+0000] {base.py:83} INFO - Using connection ID 'snowflake_default' for task execution.
[2025-07-27T19:55:03.832+0000] {processor.py:840} INFO - DAG(s) 'github_events_elt_pipeline' retrieved from /opt/airflow/dags/github_events_elt_pipeline.py
[2025-07-27T19:55:03.855+0000] {logging_mixin.py:188} INFO - [2025-07-27T19:55:03.854+0000] {dag.py:3047} INFO - Sync 1 DAGs
[2025-07-27T19:55:03.868+0000] {logging_mixin.py:188} INFO - [2025-07-27T19:55:03.867+0000] {dag.py:3834} INFO - Setting next_dagrun for github_events_elt_pipeline to None, run_after=None
[2025-07-27T19:55:03.888+0000] {processor.py:183} INFO - Processing /opt/airflow/dags/github_events_elt_pipeline.py took 0.244 seconds
[2025-07-27T19:55:34.336+0000] {processor.py:161} INFO - Started process (PID=220) to work on /opt/airflow/dags/github_events_elt_pipeline.py
[2025-07-27T19:55:34.337+0000] {processor.py:830} INFO - Processing file /opt/airflow/dags/github_events_elt_pipeline.py for tasks to queue
[2025-07-27T19:55:34.339+0000] {logging_mixin.py:188} INFO - [2025-07-27T19:55:34.338+0000] {dagbag.py:540} INFO - Filling up the DagBag from /opt/airflow/dags/github_events_elt_pipeline.py
[2025-07-27T19:55:34.375+0000] {logging_mixin.py:188} INFO - [2025-07-27T19:55:34.375+0000] {base.py:83} INFO - Using connection ID 'snowflake_default' for task execution.
[2025-07-27T19:55:34.389+0000] {processor.py:840} INFO - DAG(s) 'github_events_elt_pipeline' retrieved from /opt/airflow/dags/github_events_elt_pipeline.py
[2025-07-27T19:55:34.412+0000] {logging_mixin.py:188} INFO - [2025-07-27T19:55:34.412+0000] {dag.py:3047} INFO - Sync 1 DAGs
[2025-07-27T19:55:34.429+0000] {logging_mixin.py:188} INFO - [2025-07-27T19:55:34.429+0000] {dag.py:3834} INFO - Setting next_dagrun for github_events_elt_pipeline to None, run_after=None
[2025-07-27T19:55:34.490+0000] {processor.py:183} INFO - Processing /opt/airflow/dags/github_events_elt_pipeline.py took 0.159 seconds
[2025-07-27T19:56:05.367+0000] {processor.py:161} INFO - Started process (PID=225) to work on /opt/airflow/dags/github_events_elt_pipeline.py
[2025-07-27T19:56:05.369+0000] {processor.py:830} INFO - Processing file /opt/airflow/dags/github_events_elt_pipeline.py for tasks to queue
[2025-07-27T19:56:05.371+0000] {logging_mixin.py:188} INFO - [2025-07-27T19:56:05.370+0000] {dagbag.py:540} INFO - Filling up the DagBag from /opt/airflow/dags/github_events_elt_pipeline.py
[2025-07-27T19:56:05.619+0000] {logging_mixin.py:188} INFO - [2025-07-27T19:56:05.618+0000] {base.py:83} INFO - Using connection ID 'snowflake_default' for task execution.
[2025-07-27T19:56:05.640+0000] {processor.py:840} INFO - DAG(s) 'github_events_elt_pipeline' retrieved from /opt/airflow/dags/github_events_elt_pipeline.py
[2025-07-27T19:56:05.671+0000] {logging_mixin.py:188} INFO - [2025-07-27T19:56:05.671+0000] {dag.py:3047} INFO - Sync 1 DAGs
[2025-07-27T19:56:05.685+0000] {logging_mixin.py:188} INFO - [2025-07-27T19:56:05.684+0000] {dag.py:3834} INFO - Setting next_dagrun for github_events_elt_pipeline to None, run_after=None
[2025-07-27T19:56:05.806+0000] {processor.py:183} INFO - Processing /opt/airflow/dags/github_events_elt_pipeline.py took 0.443 seconds
[2025-07-27T19:56:35.972+0000] {processor.py:161} INFO - Started process (PID=230) to work on /opt/airflow/dags/github_events_elt_pipeline.py
[2025-07-27T19:56:35.974+0000] {processor.py:830} INFO - Processing file /opt/airflow/dags/github_events_elt_pipeline.py for tasks to queue
[2025-07-27T19:56:35.977+0000] {logging_mixin.py:188} INFO - [2025-07-27T19:56:35.976+0000] {dagbag.py:540} INFO - Filling up the DagBag from /opt/airflow/dags/github_events_elt_pipeline.py
[2025-07-27T19:56:36.036+0000] {logging_mixin.py:188} INFO - [2025-07-27T19:56:36.035+0000] {base.py:83} INFO - Using connection ID 'snowflake_default' for task execution.
[2025-07-27T19:56:36.057+0000] {processor.py:840} INFO - DAG(s) 'github_events_elt_pipeline' retrieved from /opt/airflow/dags/github_events_elt_pipeline.py
[2025-07-27T19:56:36.086+0000] {logging_mixin.py:188} INFO - [2025-07-27T19:56:36.086+0000] {dag.py:3047} INFO - Sync 1 DAGs
[2025-07-27T19:56:36.117+0000] {logging_mixin.py:188} INFO - [2025-07-27T19:56:36.117+0000] {dag.py:3834} INFO - Setting next_dagrun for github_events_elt_pipeline to None, run_after=None
[2025-07-27T19:56:36.158+0000] {processor.py:183} INFO - Processing /opt/airflow/dags/github_events_elt_pipeline.py took 0.194 seconds
[2025-07-27T19:57:06.271+0000] {processor.py:161} INFO - Started process (PID=235) to work on /opt/airflow/dags/github_events_elt_pipeline.py
[2025-07-27T19:57:06.273+0000] {processor.py:830} INFO - Processing file /opt/airflow/dags/github_events_elt_pipeline.py for tasks to queue
[2025-07-27T19:57:06.275+0000] {logging_mixin.py:188} INFO - [2025-07-27T19:57:06.274+0000] {dagbag.py:540} INFO - Filling up the DagBag from /opt/airflow/dags/github_events_elt_pipeline.py
[2025-07-27T19:57:06.356+0000] {logging_mixin.py:188} INFO - [2025-07-27T19:57:06.355+0000] {base.py:83} INFO - Using connection ID 'snowflake_default' for task execution.
[2025-07-27T19:57:06.381+0000] {processor.py:840} INFO - DAG(s) 'github_events_elt_pipeline' retrieved from /opt/airflow/dags/github_events_elt_pipeline.py
[2025-07-27T19:57:06.420+0000] {logging_mixin.py:188} INFO - [2025-07-27T19:57:06.419+0000] {dag.py:3047} INFO - Sync 1 DAGs
[2025-07-27T19:57:06.448+0000] {logging_mixin.py:188} INFO - [2025-07-27T19:57:06.447+0000] {dag.py:3834} INFO - Setting next_dagrun for github_events_elt_pipeline to None, run_after=None
[2025-07-27T19:57:06.492+0000] {processor.py:183} INFO - Processing /opt/airflow/dags/github_events_elt_pipeline.py took 0.228 seconds
[2025-07-27T19:57:36.744+0000] {processor.py:161} INFO - Started process (PID=242) to work on /opt/airflow/dags/github_events_elt_pipeline.py
[2025-07-27T19:57:36.746+0000] {processor.py:830} INFO - Processing file /opt/airflow/dags/github_events_elt_pipeline.py for tasks to queue
[2025-07-27T19:57:36.749+0000] {logging_mixin.py:188} INFO - [2025-07-27T19:57:36.748+0000] {dagbag.py:540} INFO - Filling up the DagBag from /opt/airflow/dags/github_events_elt_pipeline.py
[2025-07-27T19:57:36.801+0000] {logging_mixin.py:188} INFO - [2025-07-27T19:57:36.801+0000] {base.py:83} INFO - Using connection ID 'snowflake_default' for task execution.
[2025-07-27T19:57:36.810+0000] {processor.py:840} INFO - DAG(s) 'github_events_elt_pipeline' retrieved from /opt/airflow/dags/github_events_elt_pipeline.py
[2025-07-27T19:57:36.831+0000] {logging_mixin.py:188} INFO - [2025-07-27T19:57:36.831+0000] {dag.py:3047} INFO - Sync 1 DAGs
[2025-07-27T19:57:36.847+0000] {logging_mixin.py:188} INFO - [2025-07-27T19:57:36.846+0000] {dag.py:3834} INFO - Setting next_dagrun for github_events_elt_pipeline to None, run_after=None
[2025-07-27T19:57:36.880+0000] {processor.py:183} INFO - Processing /opt/airflow/dags/github_events_elt_pipeline.py took 0.140 seconds
