[0m12:39:24.137299 [debug] [MainThread]: Sending event: {'category': 'dbt', 'action': 'invocation', 'label': 'start', 'context': [<snowplow_tracker.self_describing_json.SelfDescribingJson object at 0x7fd262e1c910>, <snowplow_tracker.self_describing_json.SelfDescribingJson object at 0x7fd262e67fd0>, <snowplow_tracker.self_describing_json.SelfDescribingJson object at 0x7fd262e3fe50>]}


============================== 12:39:24.143730 | aead11c9-5f65-47b1-8789-1da54b054e3e ==============================
[0m12:39:24.143730 [info ] [MainThread]: Running with dbt=1.10.5
[0m12:39:24.145358 [debug] [MainThread]: running dbt with arguments {'printer_width': '80', 'indirect_selection': 'eager', 'log_cache_events': 'False', 'write_json': 'True', 'partial_parse': 'True', 'cache_selected_only': 'False', 'warn_error': 'None', 'debug': 'False', 'fail_fast': 'False', 'log_path': 'logs', 'version_check': 'True', 'profiles_dir': '/home/airflow/.dbt', 'use_colors': 'True', 'use_experimental_parser': 'False', 'no_print': 'None', 'quiet': 'False', 'empty': 'None', 'log_format': 'default', 'introspect': 'True', 'warn_error_options': 'WarnErrorOptionsV2(error=[], warn=[], silence=[])', 'static_parser': 'True', 'target_path': 'None', 'invocation_command': 'dbt init my_dbt_project', 'send_anonymous_usage_stats': 'True'}
[0m12:39:24.184171 [info ] [MainThread]: Creating dbt configuration folder at /home/airflow/.dbt
[0m12:39:24.187103 [debug] [MainThread]: Starter project path: /home/airflow/.local/lib/python3.11/site-packages/dbt/include/starter_project
[0m12:39:24.191423 [info ] [MainThread]: 
Your new dbt project "my_dbt_project" was created!

For more information on how to configure the profiles.yml file,
please consult the dbt documentation here:

  https://docs.getdbt.com/docs/configure-your-profile

One more thing:

Need help? Don't hesitate to reach out to us via GitHub issues or on Slack:

  https://community.getdbt.com/

Happy modeling!

[0m12:39:24.195761 [info ] [MainThread]: Setting up your profile.
[0m12:45:06.767182 [info ] [MainThread]: Profile my_dbt_project written to /home/airflow/.dbt/profiles.yml using target's profile_template.yml and your supplied values. Run 'dbt debug' to validate the connection.
[0m12:45:06.823661 [debug] [MainThread]: Resource report: {"command_name": "init", "command_success": true, "command_wall_clock_time": 342.7932, "process_in_blocks": "60720", "process_kernel_time": 1.934947, "process_mem_max_rss": "219112", "process_out_blocks": "25576", "process_user_time": 5.152361}
[0m12:45:06.827277 [debug] [MainThread]: Command `dbt init` succeeded at 12:45:06.827058 after 342.80 seconds
[0m12:45:06.839228 [debug] [MainThread]: Sending event: {'category': 'dbt', 'action': 'invocation', 'label': 'end', 'context': [<snowplow_tracker.self_describing_json.SelfDescribingJson object at 0x7fd262e6e190>, <snowplow_tracker.self_describing_json.SelfDescribingJson object at 0x7fd262e6fa50>, <snowplow_tracker.self_describing_json.SelfDescribingJson object at 0x7fd26757b6d0>]}
[0m12:45:06.843234 [debug] [MainThread]: Flushing usage events
[0m12:45:08.606011 [debug] [MainThread]: An error was encountered while trying to flush usage events
