[2025-07-28T15:38:00.526+0000] {taskinstance.py:1979} INFO - Dependencies all met for dep_context=non-requeueable deps ti=<TaskInstance: github_events_elt_pipeline.extract_and_load_to_staging manual__2025-07-27T19:40:46.201979+00:00 [queued]>
[2025-07-28T15:38:00.539+0000] {taskinstance.py:1979} INFO - Dependencies all met for dep_context=requeueable deps ti=<TaskInstance: github_events_elt_pipeline.extract_and_load_to_staging manual__2025-07-27T19:40:46.201979+00:00 [queued]>
[2025-07-28T15:38:00.540+0000] {taskinstance.py:2193} INFO - Starting attempt 17 of 17
[2025-07-28T15:38:00.564+0000] {taskinstance.py:2217} INFO - Executing <Task(KubernetesPodOperator): extract_and_load_to_staging> on 2025-07-27 19:40:46.201979+00:00
[2025-07-28T15:38:00.574+0000] {standard_task_runner.py:60} INFO - Started process 1073 to run task
[2025-07-28T15:38:00.579+0000] {standard_task_runner.py:87} INFO - Running: ['***', 'tasks', 'run', 'github_events_elt_pipeline', 'extract_and_load_to_staging', 'manual__2025-07-27T19:40:46.201979+00:00', '--job-id', '64', '--raw', '--subdir', 'DAGS_FOLDER/github_events_elt_pipeline.py', '--cfg-path', '/tmp/tmp34rdelr8']
[2025-07-28T15:38:00.585+0000] {standard_task_runner.py:88} INFO - Job 64: Subtask extract_and_load_to_staging
[2025-07-28T15:38:00.618+0000] {logging_mixin.py:188} WARNING - /home/***/.local/lib/python3.10/site-packages/***/settings.py:194 DeprecationWarning: The sql_alchemy_conn option in [core] has been moved to the sql_alchemy_conn option in [database] - the old setting has been used, but please update your config.
[2025-07-28T15:38:00.678+0000] {task_command.py:423} INFO - Running <TaskInstance: github_events_elt_pipeline.extract_and_load_to_staging manual__2025-07-27T19:40:46.201979+00:00 [running]> on host 27ea3cb9cc38
[2025-07-28T15:38:00.828+0000] {taskinstance.py:2513} INFO - Exporting env vars: AIRFLOW_CTX_DAG_OWNER='***' AIRFLOW_CTX_DAG_ID='github_events_elt_pipeline' AIRFLOW_CTX_TASK_ID='extract_and_load_to_staging' AIRFLOW_CTX_EXECUTION_DATE='2025-07-27T19:40:46.201979+00:00' AIRFLOW_CTX_TRY_NUMBER='17' AIRFLOW_CTX_DAG_RUN_ID='manual__2025-07-27T19:40:46.201979+00:00'
[2025-07-28T15:38:00.843+0000] {pod.py:1076} INFO - Building pod kafka-consumer-pod-kkmnq8rb with labels: {'dag_id': 'github_events_elt_pipeline', 'task_id': 'extract_and_load_to_staging', 'run_id': 'manual__2025-07-27T194046.2019790000-fccb62a8d', 'kubernetes_pod_operator': 'True', 'try_number': '17'}
[2025-07-28T15:38:00.926+0000] {logging_mixin.py:188} WARNING - /home/***/.local/lib/python3.10/site-packages/urllib3/connectionpool.py:1100 InsecureRequestWarning: Unverified HTTPS request is being made to host 'host.docker.internal'. Adding certificate verification is strongly advised. See: https://urllib3.readthedocs.io/en/latest/advanced-usage.html#tls-warnings
[2025-07-28T15:38:00.950+0000] {logging_mixin.py:188} WARNING - /home/***/.local/lib/python3.10/site-packages/urllib3/connectionpool.py:1100 InsecureRequestWarning: Unverified HTTPS request is being made to host 'host.docker.internal'. Adding certificate verification is strongly advised. See: https://urllib3.readthedocs.io/en/latest/advanced-usage.html#tls-warnings
[2025-07-28T15:38:01.016+0000] {logging_mixin.py:188} WARNING - /home/***/.local/lib/python3.10/site-packages/urllib3/connectionpool.py:1100 InsecureRequestWarning: Unverified HTTPS request is being made to host 'host.docker.internal'. Adding certificate verification is strongly advised. See: https://urllib3.readthedocs.io/en/latest/advanced-usage.html#tls-warnings
[2025-07-28T15:38:01.035+0000] {pod.py:535} INFO - Found matching pod kafka-consumer-pod-kkmnq8rb with labels {'airflow_kpo_in_cluster': 'False', 'airflow_version': '2.8.4', 'dag_id': 'github_events_elt_pipeline', 'kubernetes_pod_operator': 'True', 'run_id': 'manual__2025-07-27T194046.2019790000-fccb62a8d', 'task_id': 'extract_and_load_to_staging', 'try_number': '17'}
[2025-07-28T15:38:01.036+0000] {pod.py:536} INFO - `try_number` of task_instance: 17
[2025-07-28T15:38:01.037+0000] {pod.py:537} INFO - `try_number` of pod: 17
[2025-07-28T15:38:01.040+0000] {logging_mixin.py:188} WARNING - /home/***/.local/lib/python3.10/site-packages/urllib3/connectionpool.py:1100 InsecureRequestWarning: Unverified HTTPS request is being made to host 'host.docker.internal'. Adding certificate verification is strongly advised. See: https://urllib3.readthedocs.io/en/latest/advanced-usage.html#tls-warnings
[2025-07-28T15:38:01.056+0000] {pod_manager.py:374} WARNING - Pod not yet started: kafka-consumer-pod-kkmnq8rb
[2025-07-28T15:38:06.063+0000] {logging_mixin.py:188} WARNING - /home/***/.local/lib/python3.10/site-packages/urllib3/connectionpool.py:1100 InsecureRequestWarning: Unverified HTTPS request is being made to host 'host.docker.internal'. Adding certificate verification is strongly advised. See: https://urllib3.readthedocs.io/en/latest/advanced-usage.html#tls-warnings
[2025-07-28T15:38:06.079+0000] {logging_mixin.py:188} WARNING - /home/***/.local/lib/python3.10/site-packages/urllib3/connectionpool.py:1100 InsecureRequestWarning: Unverified HTTPS request is being made to host 'host.docker.internal'. Adding certificate verification is strongly advised. See: https://urllib3.readthedocs.io/en/latest/advanced-usage.html#tls-warnings
[2025-07-28T15:38:06.092+0000] {logging_mixin.py:188} WARNING - /home/***/.local/lib/python3.10/site-packages/urllib3/connectionpool.py:1100 InsecureRequestWarning: Unverified HTTPS request is being made to host 'host.docker.internal'. Adding certificate verification is strongly advised. See: https://urllib3.readthedocs.io/en/latest/advanced-usage.html#tls-warnings
[2025-07-28T15:38:06.121+0000] {logging_mixin.py:188} WARNING - /home/***/.local/lib/python3.10/site-packages/urllib3/connectionpool.py:1100 InsecureRequestWarning: Unverified HTTPS request is being made to host 'host.docker.internal'. Adding certificate verification is strongly advised. See: https://urllib3.readthedocs.io/en/latest/advanced-usage.html#tls-warnings
[2025-07-28T15:43:06.122+0000] {pod_manager.py:484} INFO - [base] None
[2025-07-28T15:43:06.141+0000] {logging_mixin.py:188} WARNING - /home/***/.local/lib/python3.10/site-packages/urllib3/connectionpool.py:1100 InsecureRequestWarning: Unverified HTTPS request is being made to host 'host.docker.internal'. Adding certificate verification is strongly advised. See: https://urllib3.readthedocs.io/en/latest/advanced-usage.html#tls-warnings
[2025-07-28T15:43:06.158+0000] {pod_manager.py:512} WARNING - Pod kafka-consumer-pod-kkmnq8rb log read interrupted but container base still running
[2025-07-28T15:43:07.161+0000] {logging_mixin.py:188} WARNING - /home/***/.local/lib/python3.10/site-packages/urllib3/connectionpool.py:1100 InsecureRequestWarning: Unverified HTTPS request is being made to host 'host.docker.internal'. Adding certificate verification is strongly advised. See: https://urllib3.readthedocs.io/en/latest/advanced-usage.html#tls-warnings
[2025-07-28T15:43:07.183+0000] {logging_mixin.py:188} WARNING - /home/***/.local/lib/python3.10/site-packages/urllib3/connectionpool.py:1100 InsecureRequestWarning: Unverified HTTPS request is being made to host 'host.docker.internal'. Adding certificate verification is strongly advised. See: https://urllib3.readthedocs.io/en/latest/advanced-usage.html#tls-warnings
[2025-07-28T15:48:07.266+0000] {pod_manager.py:484} INFO - [base] None
[2025-07-28T15:48:07.286+0000] {logging_mixin.py:188} WARNING - /home/***/.local/lib/python3.10/site-packages/urllib3/connectionpool.py:1100 InsecureRequestWarning: Unverified HTTPS request is being made to host 'host.docker.internal'. Adding certificate verification is strongly advised. See: https://urllib3.readthedocs.io/en/latest/advanced-usage.html#tls-warnings
[2025-07-28T15:48:07.303+0000] {pod_manager.py:512} WARNING - Pod kafka-consumer-pod-kkmnq8rb log read interrupted but container base still running
[2025-07-28T15:48:08.306+0000] {logging_mixin.py:188} WARNING - /home/***/.local/lib/python3.10/site-packages/urllib3/connectionpool.py:1100 InsecureRequestWarning: Unverified HTTPS request is being made to host 'host.docker.internal'. Adding certificate verification is strongly advised. See: https://urllib3.readthedocs.io/en/latest/advanced-usage.html#tls-warnings
[2025-07-28T15:48:08.333+0000] {logging_mixin.py:188} WARNING - /home/***/.local/lib/python3.10/site-packages/urllib3/connectionpool.py:1100 InsecureRequestWarning: Unverified HTTPS request is being made to host 'host.docker.internal'. Adding certificate verification is strongly advised. See: https://urllib3.readthedocs.io/en/latest/advanced-usage.html#tls-warnings
[2025-07-28T15:53:08.430+0000] {pod_manager.py:484} INFO - [base] None
[2025-07-28T15:53:08.445+0000] {logging_mixin.py:188} WARNING - /home/***/.local/lib/python3.10/site-packages/urllib3/connectionpool.py:1100 InsecureRequestWarning: Unverified HTTPS request is being made to host 'host.docker.internal'. Adding certificate verification is strongly advised. See: https://urllib3.readthedocs.io/en/latest/advanced-usage.html#tls-warnings
[2025-07-28T15:53:08.459+0000] {pod_manager.py:512} WARNING - Pod kafka-consumer-pod-kkmnq8rb log read interrupted but container base still running
[2025-07-28T15:53:09.462+0000] {logging_mixin.py:188} WARNING - /home/***/.local/lib/python3.10/site-packages/urllib3/connectionpool.py:1100 InsecureRequestWarning: Unverified HTTPS request is being made to host 'host.docker.internal'. Adding certificate verification is strongly advised. See: https://urllib3.readthedocs.io/en/latest/advanced-usage.html#tls-warnings
[2025-07-28T15:53:09.483+0000] {logging_mixin.py:188} WARNING - /home/***/.local/lib/python3.10/site-packages/urllib3/connectionpool.py:1100 InsecureRequestWarning: Unverified HTTPS request is being made to host 'host.docker.internal'. Adding certificate verification is strongly advised. See: https://urllib3.readthedocs.io/en/latest/advanced-usage.html#tls-warnings
[2025-07-28T15:58:09.573+0000] {pod_manager.py:484} INFO - [base] None
[2025-07-28T15:58:09.585+0000] {logging_mixin.py:188} WARNING - /home/***/.local/lib/python3.10/site-packages/urllib3/connectionpool.py:1100 InsecureRequestWarning: Unverified HTTPS request is being made to host 'host.docker.internal'. Adding certificate verification is strongly advised. See: https://urllib3.readthedocs.io/en/latest/advanced-usage.html#tls-warnings
[2025-07-28T15:58:09.600+0000] {pod_manager.py:512} WARNING - Pod kafka-consumer-pod-kkmnq8rb log read interrupted but container base still running
[2025-07-28T15:58:10.604+0000] {logging_mixin.py:188} WARNING - /home/***/.local/lib/python3.10/site-packages/urllib3/connectionpool.py:1100 InsecureRequestWarning: Unverified HTTPS request is being made to host 'host.docker.internal'. Adding certificate verification is strongly advised. See: https://urllib3.readthedocs.io/en/latest/advanced-usage.html#tls-warnings
[2025-07-28T15:58:10.626+0000] {logging_mixin.py:188} WARNING - /home/***/.local/lib/python3.10/site-packages/urllib3/connectionpool.py:1100 InsecureRequestWarning: Unverified HTTPS request is being made to host 'host.docker.internal'. Adding certificate verification is strongly advised. See: https://urllib3.readthedocs.io/en/latest/advanced-usage.html#tls-warnings
[2025-07-28T16:03:10.678+0000] {pod_manager.py:484} INFO - [base] None
[2025-07-28T16:03:10.697+0000] {logging_mixin.py:188} WARNING - /home/***/.local/lib/python3.10/site-packages/urllib3/connectionpool.py:1100 InsecureRequestWarning: Unverified HTTPS request is being made to host 'host.docker.internal'. Adding certificate verification is strongly advised. See: https://urllib3.readthedocs.io/en/latest/advanced-usage.html#tls-warnings
[2025-07-28T16:03:10.709+0000] {pod_manager.py:512} WARNING - Pod kafka-consumer-pod-kkmnq8rb log read interrupted but container base still running
[2025-07-28T16:03:11.712+0000] {logging_mixin.py:188} WARNING - /home/***/.local/lib/python3.10/site-packages/urllib3/connectionpool.py:1100 InsecureRequestWarning: Unverified HTTPS request is being made to host 'host.docker.internal'. Adding certificate verification is strongly advised. See: https://urllib3.readthedocs.io/en/latest/advanced-usage.html#tls-warnings
[2025-07-28T16:03:11.734+0000] {logging_mixin.py:188} WARNING - /home/***/.local/lib/python3.10/site-packages/urllib3/connectionpool.py:1100 InsecureRequestWarning: Unverified HTTPS request is being made to host 'host.docker.internal'. Adding certificate verification is strongly advised. See: https://urllib3.readthedocs.io/en/latest/advanced-usage.html#tls-warnings
[2025-07-28T16:08:11.824+0000] {pod_manager.py:484} INFO - [base] None
[2025-07-28T16:08:11.836+0000] {logging_mixin.py:188} WARNING - /home/***/.local/lib/python3.10/site-packages/urllib3/connectionpool.py:1100 InsecureRequestWarning: Unverified HTTPS request is being made to host 'host.docker.internal'. Adding certificate verification is strongly advised. See: https://urllib3.readthedocs.io/en/latest/advanced-usage.html#tls-warnings
[2025-07-28T16:08:11.846+0000] {pod_manager.py:512} WARNING - Pod kafka-consumer-pod-kkmnq8rb log read interrupted but container base still running
[2025-07-28T16:08:12.849+0000] {logging_mixin.py:188} WARNING - /home/***/.local/lib/python3.10/site-packages/urllib3/connectionpool.py:1100 InsecureRequestWarning: Unverified HTTPS request is being made to host 'host.docker.internal'. Adding certificate verification is strongly advised. See: https://urllib3.readthedocs.io/en/latest/advanced-usage.html#tls-warnings
[2025-07-28T16:08:12.870+0000] {logging_mixin.py:188} WARNING - /home/***/.local/lib/python3.10/site-packages/urllib3/connectionpool.py:1100 InsecureRequestWarning: Unverified HTTPS request is being made to host 'host.docker.internal'. Adding certificate verification is strongly advised. See: https://urllib3.readthedocs.io/en/latest/advanced-usage.html#tls-warnings
[2025-07-28T16:13:12.961+0000] {pod_manager.py:484} INFO - [base] None
[2025-07-28T16:13:12.974+0000] {logging_mixin.py:188} WARNING - /home/***/.local/lib/python3.10/site-packages/urllib3/connectionpool.py:1100 InsecureRequestWarning: Unverified HTTPS request is being made to host 'host.docker.internal'. Adding certificate verification is strongly advised. See: https://urllib3.readthedocs.io/en/latest/advanced-usage.html#tls-warnings
[2025-07-28T16:13:12.985+0000] {pod_manager.py:512} WARNING - Pod kafka-consumer-pod-kkmnq8rb log read interrupted but container base still running
[2025-07-28T16:13:13.988+0000] {logging_mixin.py:188} WARNING - /home/***/.local/lib/python3.10/site-packages/urllib3/connectionpool.py:1100 InsecureRequestWarning: Unverified HTTPS request is being made to host 'host.docker.internal'. Adding certificate verification is strongly advised. See: https://urllib3.readthedocs.io/en/latest/advanced-usage.html#tls-warnings
[2025-07-28T16:13:14.012+0000] {logging_mixin.py:188} WARNING - /home/***/.local/lib/python3.10/site-packages/urllib3/connectionpool.py:1100 InsecureRequestWarning: Unverified HTTPS request is being made to host 'host.docker.internal'. Adding certificate verification is strongly advised. See: https://urllib3.readthedocs.io/en/latest/advanced-usage.html#tls-warnings
[2025-07-28T16:13:38.634+0000] {pod_manager.py:484} INFO - [base] None
[2025-07-28T16:13:38.637+0000] {logging_mixin.py:188} WARNING - /home/***/.local/lib/python3.10/site-packages/urllib3/connectionpool.py:1100 InsecureRequestWarning: Unverified HTTPS request is being made to host 'host.docker.internal'. Adding certificate verification is strongly advised. See: https://urllib3.readthedocs.io/en/latest/advanced-usage.html#tls-warnings
[2025-07-28T16:13:38.655+0000] {pod_manager.py:512} WARNING - Pod kafka-consumer-pod-kkmnq8rb log read interrupted but container base still running
[2025-07-28T16:13:39.659+0000] {logging_mixin.py:188} WARNING - /home/***/.local/lib/python3.10/site-packages/urllib3/connectionpool.py:1100 InsecureRequestWarning: Unverified HTTPS request is being made to host 'host.docker.internal'. Adding certificate verification is strongly advised. See: https://urllib3.readthedocs.io/en/latest/advanced-usage.html#tls-warnings
[2025-07-28T16:13:39.674+0000] {logging_mixin.py:188} WARNING - /home/***/.local/lib/python3.10/site-packages/urllib3/connectionpool.py:1100 InsecureRequestWarning: Unverified HTTPS request is being made to host 'host.docker.internal'. Adding certificate verification is strongly advised. See: https://urllib3.readthedocs.io/en/latest/advanced-usage.html#tls-warnings
[2025-07-28T16:13:39.728+0000] {pod_manager.py:484} INFO - [base] None
[2025-07-28T16:13:39.732+0000] {logging_mixin.py:188} WARNING - /home/***/.local/lib/python3.10/site-packages/urllib3/connectionpool.py:1100 InsecureRequestWarning: Unverified HTTPS request is being made to host 'host.docker.internal'. Adding certificate verification is strongly advised. See: https://urllib3.readthedocs.io/en/latest/advanced-usage.html#tls-warnings
[2025-07-28T16:13:39.755+0000] {logging_mixin.py:188} WARNING - /home/***/.local/lib/python3.10/site-packages/urllib3/connectionpool.py:1100 InsecureRequestWarning: Unverified HTTPS request is being made to host 'host.docker.internal'. Adding certificate verification is strongly advised. See: https://urllib3.readthedocs.io/en/latest/advanced-usage.html#tls-warnings
[2025-07-28T16:13:39.777+0000] {logging_mixin.py:188} WARNING - /home/***/.local/lib/python3.10/site-packages/urllib3/connectionpool.py:1100 InsecureRequestWarning: Unverified HTTPS request is being made to host 'host.docker.internal'. Adding certificate verification is strongly advised. See: https://urllib3.readthedocs.io/en/latest/advanced-usage.html#tls-warnings
[2025-07-28T16:13:39.799+0000] {logging_mixin.py:188} WARNING - /home/***/.local/lib/python3.10/site-packages/urllib3/connectionpool.py:1100 InsecureRequestWarning: Unverified HTTPS request is being made to host 'host.docker.internal'. Adding certificate verification is strongly advised. See: https://urllib3.readthedocs.io/en/latest/advanced-usage.html#tls-warnings
[2025-07-28T16:13:39.822+0000] {logging_mixin.py:188} WARNING - /home/***/.local/lib/python3.10/site-packages/urllib3/connectionpool.py:1100 InsecureRequestWarning: Unverified HTTPS request is being made to host 'host.docker.internal'. Adding certificate verification is strongly advised. See: https://urllib3.readthedocs.io/en/latest/advanced-usage.html#tls-warnings
[2025-07-28T16:13:39.858+0000] {pod.py:930} INFO - Deleting pod: kafka-consumer-pod-kkmnq8rb
[2025-07-28T16:13:39.862+0000] {logging_mixin.py:188} WARNING - /home/***/.local/lib/python3.10/site-packages/urllib3/connectionpool.py:1100 InsecureRequestWarning: Unverified HTTPS request is being made to host 'host.docker.internal'. Adding certificate verification is strongly advised. See: https://urllib3.readthedocs.io/en/latest/advanced-usage.html#tls-warnings
[2025-07-28T16:13:39.916+0000] {taskinstance.py:2731} ERROR - Task failed with exception
Traceback (most recent call last):
  File "/home/airflow/.local/lib/python3.10/site-packages/airflow/models/taskinstance.py", line 444, in _execute_task
    result = _execute_callable(context=context, **execute_callable_kwargs)
  File "/home/airflow/.local/lib/python3.10/site-packages/airflow/models/taskinstance.py", line 414, in _execute_callable
    return execute_callable(context=context, **execute_callable_kwargs)
  File "/home/airflow/.local/lib/python3.10/site-packages/airflow/providers/cncf/kubernetes/operators/pod.py", line 578, in execute
    return self.execute_sync(context)
  File "/home/airflow/.local/lib/python3.10/site-packages/airflow/providers/cncf/kubernetes/operators/pod.py", line 637, in execute_sync
    self.cleanup(
  File "/home/airflow/.local/lib/python3.10/site-packages/airflow/providers/cncf/kubernetes/operators/pod.py", line 857, in cleanup
    raise AirflowException(
airflow.exceptions.AirflowException: Pod kafka-consumer-pod-kkmnq8rb returned a failure.
remote_pod: {'api_version': 'v1',
 'kind': 'Pod',
 'metadata': {'annotations': None,
              'creation_timestamp': datetime.datetime(2025, 7, 28, 15, 38, tzinfo=tzlocal()),
              'deletion_grace_period_seconds': 30,
              'deletion_timestamp': datetime.datetime(2025, 7, 28, 16, 13, 38, tzinfo=tzlocal()),
              'finalizers': None,
              'generate_name': None,
              'generation': 2,
              'labels': {'***_kpo_in_cluster': 'False',
                         '***_version': '2.8.4',
                         'dag_id': 'github_events_elt_pipeline',
                         'kubernetes_pod_operator': 'True',
                         'run_id': 'manual__2025-07-27T194046.2019790000-fccb62a8d',
                         'task_id': 'extract_and_load_to_staging',
                         'try_number': '17'},
              'managed_fields': [{'api_version': 'v1',
                                  'fields_type': 'FieldsV1',
                                  'fields_v1': {'f:metadata': {'f:labels': {'.': {},
                                                                            'f:***_kpo_in_cluster': {},
                                                                            'f:***_version': {},
                                                                            'f:dag_id': {},
                                                                            'f:kubernetes_pod_operator': {},
                                                                            'f:run_id': {},
                                                                            'f:task_id': {},
                                                                            'f:try_number': {}}},
                                                'f:spec': {'f:affinity': {},
                                                           'f:containers': {'k:{"name":"base"}': {'.': {},
                                                                                                  'f:command': {},
                                                                                                  'f:env': {'.': {},
                                                                                                            'k:{"name":"KAFKA_BROKER"}': {'.': {},
                                                                                                                                          'f:name': {},
                                                                                                                                          'f:value': {}},
                                                                                                            'k:{"name":"SNOWFLAKE_ACCOUNT"}': {'.': {},
                                                                                                                                               'f:name': {}},
                                                                                                            'k:{"name":"SNOWFLAKE_DATABASE"}': {'.': {},
                                                                                                                                                'f:name': {},
                                                                                                                                                'f:value': {}},
                                                                                                            'k:{"name":"SNOWFLAKE_PASSWORD"}': {'.': {},
                                                                                                                                                'f:name': {},
                                                                                                                                                'f:value': {}},
                                                                                                            'k:{"name":"SNOWFLAKE_ROLE"}': {'.': {},
                                                                                                                                            'f:name': {},
                                                                                                                                            'f:value': {}},
                                                                                                            'k:{"name":"SNOWFLAKE_USER"}': {'.': {},
                                                                                                                                            'f:name': {},
                                                                                                                                            'f:value': {}},
                                                                                                            'k:{"name":"SNOWFLAKE_WAREHOUSE"}': {'.': {},
                                                                                                                                                 'f:name': {},
                                                                                                                                                 'f:value': {}}},
                                                                                                  'f:image': {},
                                                                                                  'f:imagePullPolicy': {},
                                                                                                  'f:name': {},
                                                                                                  'f:resources': {},
                                                                                                  'f:terminationMessagePath': {},
                                                                                                  'f:terminationMessagePolicy': {}}},
                                                           'f:dnsPolicy': {},
                                                           'f:enableServiceLinks': {},
                                                           'f:restartPolicy': {},
                                                           'f:schedulerName': {},
                                                           'f:securityContext': {},
                                                           'f:terminationGracePeriodSeconds': {}}},
                                  'manager': 'OpenAPI-Generator',
                                  'operation': 'Update',
                                  'subresource': None,
                                  'time': datetime.datetime(2025, 7, 28, 15, 38, tzinfo=tzlocal())},
                                 {'api_version': 'v1',
                                  'fields_type': 'FieldsV1',
                                  'fields_v1': {'f:status': {'f:conditions': {'k:{"type":"ContainersReady"}': {'.': {},
                                                                                                               'f:lastProbeTime': {},
                                                                                                               'f:lastTransitionTime': {},
                                                                                                               'f:reason': {},
                                                                                                               'f:status': {},
                                                                                                               'f:type': {}},
                                                                              'k:{"type":"Initialized"}': {'.': {},
                                                                                                           'f:lastProbeTime': {},
                                                                                                           'f:lastTransitionTime': {},
                                                                                                           'f:status': {},
                                                                                                           'f:type': {}},
                                                                              'k:{"type":"PodReadyToStartContainers"}': {'.': {},
                                                                                                                         'f:lastProbeTime': {},
                                                                                                                         'f:lastTransitionTime': {},
                                                                                                                         'f:status': {},
                                                                                                                         'f:type': {}},
                                                                              'k:{"type":"Ready"}': {'.': {},
                                                                                                     'f:lastProbeTime': {},
                                                                                                     'f:lastTransitionTime': {},
                                                                                                     'f:reason': {},
                                                                                                     'f:status': {},
                                                                                                     'f:type': {}}},
                                                             'f:containerStatuses': {},
                                                             'f:hostIP': {},
                                                             'f:hostIPs': {},
                                                             'f:phase': {},
                                                             'f:podIP': {},
                                                             'f:podIPs': {'.': {},
                                                                          'k:{"ip":"10.244.0.8"}': {'.': {},
                                                                                                    'f:ip': {}}},
                                                             'f:startTime': {}}},
                                  'manager': 'kubelet',
                                  'operation': 'Update',
                                  'subresource': 'status',
                                  'time': datetime.datetime(2025, 7, 28, 16, 13, 39, tzinfo=tzlocal())}],
              'name': 'kafka-consumer-pod-kkmnq8rb',
              'namespace': 'default',
              'owner_references': None,
              'resource_version': '35753',
              'self_link': None,
              'uid': '21db4707-b75e-4b32-b533-22825da52220'},
 'spec': {'active_deadline_seconds': None,
          'affinity': {'node_affinity': None,
                       'pod_affinity': None,
                       'pod_anti_affinity': None},
          'automount_service_account_token': None,
          'containers': [{'args': None,
                          'command': ['python', 'consumer.py'],
                          'env': [{'name': 'KAFKA_BROKER',
                                   'value': 'host.minikube.internal:9092',
                                   'value_from': None},
                                  {'name': 'SNOWFLAKE_USER',
                                   'value': 'AIRFLOW_USER',
                                   'value_from': None},
                                  {'name': 'SNOWFLAKE_PASSWORD',
                                   'value': '***',
                                   'value_from': None},
                                  {'name': 'SNOWFLAKE_ACCOUNT',
                                   'value': None,
                                   'value_from': None},
                                  {'name': 'SNOWFLAKE_WAREHOUSE',
                                   'value': 'COMPUTE_WH',
                                   'value_from': None},
                                  {'name': 'SNOWFLAKE_DATABASE',
                                   'value': 'GITHUB_EVENTS_DB',
                                   'value_from': None},
                                  {'name': 'SNOWFLAKE_ROLE',
                                   'value': 'AIRFLOW_ROLE',
                                   'value_from': None}],
                          'env_from': None,
                          'image': 'github-consumer:v1',
                          'image_pull_policy': 'IfNotPresent',
                          'lifecycle': None,
                          'liveness_probe': None,
                          'name': 'base',
                          'ports': None,
                          'readiness_probe': None,
                          'resize_policy': None,
                          'resources': {'claims': None,
                                        'limits': None,
                                        'requests': None},
                          'restart_policy': None,
                          'security_context': None,
                          'startup_probe': None,
                          'stdin': None,
                          'stdin_once': None,
                          'termination_message_path': '/dev/termination-log',
                          'termination_message_policy': 'File',
                          'tty': None,
                          'volume_devices': None,
                          'volume_mounts': [{'mount_path': '/var/run/secrets/kubernetes.io/serviceaccount',
                                             'mount_propagation': None,
                                             'name': 'kube-api-access-m4j8p',
                                             'read_only': True,
                                             'sub_path': None,
                                             'sub_path_expr': None}],
                          'working_dir': None}],
          'dns_config': None,
          'dns_policy': 'ClusterFirst',
          'enable_service_links': True,
          'ephemeral_containers': None,
          'host_aliases': None,
          'host_ipc': None,
          'host_network': None,
          'host_pid': None,
          'host_users': None,
          'hostname': None,
          'image_pull_secrets': None,
          'init_containers': None,
          'node_name': 'minikube',
          'node_selector': None,
          'os': None,
          'overhead': None,
          'preemption_policy': 'PreemptLowerPriority',
          'priority': 0,
          'priority_class_name': None,
          'readiness_gates': None,
          'resource_claims': None,
          'restart_policy': 'Never',
          'runtime_class_name': None,
          'scheduler_name': 'default-scheduler',
          'scheduling_gates': None,
          'security_context': {'fs_group': None,
                               'fs_group_change_policy': None,
                               'run_as_group': None,
                               'run_as_non_root': None,
                               'run_as_user': None,
                               'se_linux_options': None,
                               'seccomp_profile': None,
                               'supplemental_groups': None,
                               'sysctls': None,
                               'windows_options': None},
          'service_account': 'default',
          'service_account_name': 'default',
          'set_hostname_as_fqdn': None,
          'share_process_namespace': None,
          'subdomain': None,
          'termination_grace_period_seconds': 30,
          'tolerations': [{'effect': 'NoExecute',
                           'key': 'node.kubernetes.io/not-ready',
                           'operator': 'Exists',
                           'toleration_seconds': 300,
                           'value': None},
                          {'effect': 'NoExecute',
                           'key': 'node.kubernetes.io/unreachable',
                           'operator': 'Exists',
                           'toleration_seconds': 300,
                           'value': None}],
          'topology_spread_constraints': None,
          'volumes': [{'aws_elastic_block_store': None,
                       'azure_disk': None,
                       'azure_file': None,
                       'cephfs': None,
                       'cinder': None,
                       'config_map': None,
                       'csi': None,
                       'downward_api': None,
                       'empty_dir': None,
                       'ephemeral': None,
                       'fc': None,
                       'flex_volume': None,
                       'flocker': None,
                       'gce_persistent_disk': None,
                       'git_repo': None,
                       'glusterfs': None,
                       'host_path': None,
                       'iscsi': None,
                       'name': 'kube-api-access-m4j8p',
                       'nfs': None,
                       'persistent_volume_claim': None,
                       'photon_persistent_disk': None,
                       'portworx_volume': None,
                       'projected': {'default_mode': 420,
                                     'sources': [{'cluster_trust_bundle': None,
                                                  'config_map': None,
                                                  'downward_api': None,
                                                  'secret': None,
                                                  'service_account_token': {'audience': None,
                                                                            'expiration_seconds': 3607,
                                                                            'path': 'token'}},
                                                 {'cluster_trust_bundle': None,
                                                  'config_map': {'items': [{'key': 'ca.crt',
                                                                            'mode': None,
                                                                            'path': 'ca.crt'}],
                                                                 'name': 'kube-root-ca.crt',
                                                                 'optional': None},
                                                  'downward_api': None,
                                                  'secret': None,
                                                  'service_account_token': None},
                                                 {'cluster_trust_bundle': None,
                                                  'config_map': None,
                                                  'downward_api': {'items': [{'field_ref': {'api_version': 'v1',
                                                                                            'field_path': 'metadata.namespace'},
                                                                              'mode': None,
                                                                              'path': 'namespace',
                                                                              'resource_field_ref': None}]},
                                                  'secret': None,
                                                  'service_account_token': None}]},
                       'quobyte': None,
                       'rbd': None,
                       'scale_io': None,
                       'secret': None,
                       'storageos': None,
                       'vsphere_volume': None}]},
 'status': {'conditions': [{'last_probe_time': None,
                            'last_transition_time': datetime.datetime(2025, 7, 28, 16, 13, 39, tzinfo=tzlocal()),
                            'message': None,
                            'reason': None,
                            'status': 'False',
                            'type': 'PodReadyToStartContainers'},
                           {'last_probe_time': None,
                            'last_transition_time': datetime.datetime(2025, 7, 28, 15, 38, tzinfo=tzlocal()),
                            'message': None,
                            'reason': None,
                            'status': 'True',
                            'type': 'Initialized'},
                           {'last_probe_time': None,
                            'last_transition_time': datetime.datetime(2025, 7, 28, 16, 13, 39, tzinfo=tzlocal()),
                            'message': None,
                            'reason': 'PodFailed',
                            'status': 'False',
                            'type': 'Ready'},
                           {'last_probe_time': None,
                            'last_transition_time': datetime.datetime(2025, 7, 28, 16, 13, 39, tzinfo=tzlocal()),
                            'message': None,
                            'reason': 'PodFailed',
                            'status': 'False',
                            'type': 'ContainersReady'},
                           {'last_probe_time': None,
                            'last_transition_time': datetime.datetime(2025, 7, 28, 15, 38, tzinfo=tzlocal()),
                            'message': None,
                            'reason': None,
                            'status': 'True',
                            'type': 'PodScheduled'}],
            'container_statuses': [{'allocated_resources': None,
                                    'container_id': 'docker://49dadac839976aba495d14aadc52431bfe69ffd5b08ef72146f78d94d8c7dc1a',
                                    'image': 'github-consumer:v1',
                                    'image_id': 'docker://sha256:d012a4b4bd1179d346cabbb2a35713f7990b018bafc4f0d0f7443ba372ca0cee',
                                    'last_state': {'running': None,
                                                   'terminated': None,
                                                   'waiting': None},
                                    'name': 'base',
                                    'ready': False,
                                    'resources': {'claims': None,
                                                  'limits': None,
                                                  'requests': None},
                                    'restart_count': 0,
                                    'started': False,
                                    'state': {'running': None,
                                              'terminated': {'container_id': 'docker://49dadac839976aba495d14aadc52431bfe69ffd5b08ef72146f78d94d8c7dc1a',
                                                             'exit_code': 137,
                                                             'finished_at': datetime.datetime(2025, 7, 28, 16, 13, 38, tzinfo=tzlocal()),
                                                             'message': None,
                                                             'reason': 'Error',
                                                             'signal': None,
                                                             'started_at': datetime.datetime(2025, 7, 28, 15, 38, 1, tzinfo=tzlocal())},
                                              'waiting': None}}],
            'ephemeral_container_statuses': None,
            'host_i_ps': [{'ip': '192.168.49.2'}],
            'host_ip': '192.168.49.2',
            'init_container_statuses': None,
            'message': None,
            'nominated_node_name': None,
            'phase': 'Failed',
            'pod_i_ps': [{'ip': '10.244.0.8'}],
            'pod_ip': '10.244.0.8',
            'qos_class': 'BestEffort',
            'reason': None,
            'resize': None,
            'resource_claim_statuses': None,
            'start_time': datetime.datetime(2025, 7, 28, 15, 38, tzinfo=tzlocal())}}
[2025-07-28T16:13:39.924+0000] {taskinstance.py:1149} INFO - Marking task as FAILED. dag_id=github_events_elt_pipeline, task_id=extract_and_load_to_staging, execution_date=20250727T194046, start_date=20250728T153800, end_date=20250728T161339
[2025-07-28T16:13:39.952+0000] {standard_task_runner.py:107} ERROR - Failed to execute job 64 for task extract_and_load_to_staging (Pod kafka-consumer-pod-kkmnq8rb returned a failure.
remote_pod: {'api_version': 'v1',
 'kind': 'Pod',
 'metadata': {'annotations': None,
              'creation_timestamp': datetime.datetime(2025, 7, 28, 15, 38, tzinfo=tzlocal()),
              'deletion_grace_period_seconds': 30,
              'deletion_timestamp': datetime.datetime(2025, 7, 28, 16, 13, 38, tzinfo=tzlocal()),
              'finalizers': None,
              'generate_name': None,
              'generation': 2,
              'labels': {'***_kpo_in_cluster': 'False',
                         '***_version': '2.8.4',
                         'dag_id': 'github_events_elt_pipeline',
                         'kubernetes_pod_operator': 'True',
                         'run_id': 'manual__2025-07-27T194046.2019790000-fccb62a8d',
                         'task_id': 'extract_and_load_to_staging',
                         'try_number': '17'},
              'managed_fields': [{'api_version': 'v1',
                                  'fields_type': 'FieldsV1',
                                  'fields_v1': {'f:metadata': {'f:labels': {'.': {},
                                                                            'f:***_kpo_in_cluster': {},
                                                                            'f:***_version': {},
                                                                            'f:dag_id': {},
                                                                            'f:kubernetes_pod_operator': {},
                                                                            'f:run_id': {},
                                                                            'f:task_id': {},
                                                                            'f:try_number': {}}},
                                                'f:spec': {'f:affinity': {},
                                                           'f:containers': {'k:{"name":"base"}': {'.': {},
                                                                                                  'f:command': {},
                                                                                                  'f:env': {'.': {},
                                                                                                            'k:{"name":"KAFKA_BROKER"}': {'.': {},
                                                                                                                                          'f:name': {},
                                                                                                                                          'f:value': {}},
                                                                                                            'k:{"name":"SNOWFLAKE_ACCOUNT"}': {'.': {},
                                                                                                                                               'f:name': {}},
                                                                                                            'k:{"name":"SNOWFLAKE_DATABASE"}': {'.': {},
                                                                                                                                                'f:name': {},
                                                                                                                                                'f:value': {}},
                                                                                                            'k:{"name":"SNOWFLAKE_PASSWORD"}': {'.': {},
                                                                                                                                                'f:name': {},
                                                                                                                                                'f:value': {}},
                                                                                                            'k:{"name":"SNOWFLAKE_ROLE"}': {'.': {},
                                                                                                                                            'f:name': {},
                                                                                                                                            'f:value': {}},
                                                                                                            'k:{"name":"SNOWFLAKE_USER"}': {'.': {},
                                                                                                                                            'f:name': {},
                                                                                                                                            'f:value': {}},
                                                                                                            'k:{"name":"SNOWFLAKE_WAREHOUSE"}': {'.': {},
                                                                                                                                                 'f:name': {},
                                                                                                                                                 'f:value': {}}},
                                                                                                  'f:image': {},
                                                                                                  'f:imagePullPolicy': {},
                                                                                                  'f:name': {},
                                                                                                  'f:resources': {},
                                                                                                  'f:terminationMessagePath': {},
                                                                                                  'f:terminationMessagePolicy': {}}},
                                                           'f:dnsPolicy': {},
                                                           'f:enableServiceLinks': {},
                                                           'f:restartPolicy': {},
                                                           'f:schedulerName': {},
                                                           'f:securityContext': {},
                                                           'f:terminationGracePeriodSeconds': {}}},
                                  'manager': 'OpenAPI-Generator',
                                  'operation': 'Update',
                                  'subresource': None,
                                  'time': datetime.datetime(2025, 7, 28, 15, 38, tzinfo=tzlocal())},
                                 {'api_version': 'v1',
                                  'fields_type': 'FieldsV1',
                                  'fields_v1': {'f:status': {'f:conditions': {'k:{"type":"ContainersReady"}': {'.': {},
                                                                                                               'f:lastProbeTime': {},
                                                                                                               'f:lastTransitionTime': {},
                                                                                                               'f:reason': {},
                                                                                                               'f:status': {},
                                                                                                               'f:type': {}},
                                                                              'k:{"type":"Initialized"}': {'.': {},
                                                                                                           'f:lastProbeTime': {},
                                                                                                           'f:lastTransitionTime': {},
                                                                                                           'f:status': {},
                                                                                                           'f:type': {}},
                                                                              'k:{"type":"PodReadyToStartContainers"}': {'.': {},
                                                                                                                         'f:lastProbeTime': {},
                                                                                                                         'f:lastTransitionTime': {},
                                                                                                                         'f:status': {},
                                                                                                                         'f:type': {}},
                                                                              'k:{"type":"Ready"}': {'.': {},
                                                                                                     'f:lastProbeTime': {},
                                                                                                     'f:lastTransitionTime': {},
                                                                                                     'f:reason': {},
                                                                                                     'f:status': {},
                                                                                                     'f:type': {}}},
                                                             'f:containerStatuses': {},
                                                             'f:hostIP': {},
                                                             'f:hostIPs': {},
                                                             'f:phase': {},
                                                             'f:podIP': {},
                                                             'f:podIPs': {'.': {},
                                                                          'k:{"ip":"10.244.0.8"}': {'.': {},
                                                                                                    'f:ip': {}}},
                                                             'f:startTime': {}}},
                                  'manager': 'kubelet',
                                  'operation': 'Update',
                                  'subresource': 'status',
                                  'time': datetime.datetime(2025, 7, 28, 16, 13, 39, tzinfo=tzlocal())}],
              'name': 'kafka-consumer-pod-kkmnq8rb',
              'namespace': 'default',
              'owner_references': None,
              'resource_version': '35753',
              'self_link': None,
              'uid': '21db4707-b75e-4b32-b533-22825da52220'},
 'spec': {'active_deadline_seconds': None,
          'affinity': {'node_affinity': None,
                       'pod_affinity': None,
                       'pod_anti_affinity': None},
          'automount_service_account_token': None,
          'containers': [{'args': None,
                          'command': ['python', 'consumer.py'],
                          'env': [{'name': 'KAFKA_BROKER',
                                   'value': 'host.minikube.internal:9092',
                                   'value_from': None},
                                  {'name': 'SNOWFLAKE_USER',
                                   'value': 'AIRFLOW_USER',
                                   'value_from': None},
                                  {'name': 'SNOWFLAKE_PASSWORD',
                                   'value': '***',
                                   'value_from': None},
                                  {'name': 'SNOWFLAKE_ACCOUNT',
                                   'value': None,
                                   'value_from': None},
                                  {'name': 'SNOWFLAKE_WAREHOUSE',
                                   'value': 'COMPUTE_WH',
                                   'value_from': None},
                                  {'name': 'SNOWFLAKE_DATABASE',
                                   'value': 'GITHUB_EVENTS_DB',
                                   'value_from': None},
                                  {'name': 'SNOWFLAKE_ROLE',
                                   'value': 'AIRFLOW_ROLE',
                                   'value_from': None}],
                          'env_from': None,
                          'image': 'github-consumer:v1',
                          'image_pull_policy': 'IfNotPresent',
                          'lifecycle': None,
                          'liveness_probe': None,
                          'name': 'base',
                          'ports': None,
                          'readiness_probe': None,
                          'resize_policy': None,
                          'resources': {'claims': None,
                                        'limits': None,
                                        'requests': None},
                          'restart_policy': None,
                          'security_context': None,
                          'startup_probe': None,
                          'stdin': None,
                          'stdin_once': None,
                          'termination_message_path': '/dev/termination-log',
                          'termination_message_policy': 'File',
                          'tty': None,
                          'volume_devices': None,
                          'volume_mounts': [{'mount_path': '/var/run/secrets/kubernetes.io/serviceaccount',
                                             'mount_propagation': None,
                                             'name': 'kube-api-access-m4j8p',
                                             'read_only': True,
                                             'sub_path': None,
                                             'sub_path_expr': None}],
                          'working_dir': None}],
          'dns_config': None,
          'dns_policy': 'ClusterFirst',
          'enable_service_links': True,
          'ephemeral_containers': None,
          'host_aliases': None,
          'host_ipc': None,
          'host_network': None,
          'host_pid': None,
          'host_users': None,
          'hostname': None,
          'image_pull_secrets': None,
          'init_containers': None,
          'node_name': 'minikube',
          'node_selector': None,
          'os': None,
          'overhead': None,
          'preemption_policy': 'PreemptLowerPriority',
          'priority': 0,
          'priority_class_name': None,
          'readiness_gates': None,
          'resource_claims': None,
          'restart_policy': 'Never',
          'runtime_class_name': None,
          'scheduler_name': 'default-scheduler',
          'scheduling_gates': None,
          'security_context': {'fs_group': None,
                               'fs_group_change_policy': None,
                               'run_as_group': None,
                               'run_as_non_root': None,
                               'run_as_user': None,
                               'se_linux_options': None,
                               'seccomp_profile': None,
                               'supplemental_groups': None,
                               'sysctls': None,
                               'windows_options': None},
          'service_account': 'default',
          'service_account_name': 'default',
          'set_hostname_as_fqdn': None,
          'share_process_namespace': None,
          'subdomain': None,
          'termination_grace_period_seconds': 30,
          'tolerations': [{'effect': 'NoExecute',
                           'key': 'node.kubernetes.io/not-ready',
                           'operator': 'Exists',
                           'toleration_seconds': 300,
                           'value': None},
                          {'effect': 'NoExecute',
                           'key': 'node.kubernetes.io/unreachable',
                           'operator': 'Exists',
                           'toleration_seconds': 300,
                           'value': None}],
          'topology_spread_constraints': None,
          'volumes': [{'aws_elastic_block_store': None,
                       'azure_disk': None,
                       'azure_file': None,
                       'cephfs': None,
                       'cinder': None,
                       'config_map': None,
                       'csi': None,
                       'downward_api': None,
                       'empty_dir': None,
                       'ephemeral': None,
                       'fc': None,
                       'flex_volume': None,
                       'flocker': None,
                       'gce_persistent_disk': None,
                       'git_repo': None,
                       'glusterfs': None,
                       'host_path': None,
                       'iscsi': None,
                       'name': 'kube-api-access-m4j8p',
                       'nfs': None,
                       'persistent_volume_claim': None,
                       'photon_persistent_disk': None,
                       'portworx_volume': None,
                       'projected': {'default_mode': 420,
                                     'sources': [{'cluster_trust_bundle': None,
                                                  'config_map': None,
                                                  'downward_api': None,
                                                  'secret': None,
                                                  'service_account_token': {'audience': None,
                                                                            'expiration_seconds': 3607,
                                                                            'path': 'token'}},
                                                 {'cluster_trust_bundle': None,
                                                  'config_map': {'items': [{'key': 'ca.crt',
                                                                            'mode': None,
                                                                            'path': 'ca.crt'}],
                                                                 'name': 'kube-root-ca.crt',
                                                                 'optional': None},
                                                  'downward_api': None,
                                                  'secret': None,
                                                  'service_account_token': None},
                                                 {'cluster_trust_bundle': None,
                                                  'config_map': None,
                                                  'downward_api': {'items': [{'field_ref': {'api_version': 'v1',
                                                                                            'field_path': 'metadata.namespace'},
                                                                              'mode': None,
                                                                              'path': 'namespace',
                                                                              'resource_field_ref': None}]},
                                                  'secret': None,
                                                  'service_account_token': None}]},
                       'quobyte': None,
                       'rbd': None,
                       'scale_io': None,
                       'secret': None,
                       'storageos': None,
                       'vsphere_volume': None}]},
 'status': {'conditions': [{'last_probe_time': None,
                            'last_transition_time': datetime.datetime(2025, 7, 28, 16, 13, 39, tzinfo=tzlocal()),
                            'message': None,
                            'reason': None,
                            'status': 'False',
                            'type': 'PodReadyToStartContainers'},
                           {'last_probe_time': None,
                            'last_transition_time': datetime.datetime(2025, 7, 28, 15, 38, tzinfo=tzlocal()),
                            'message': None,
                            'reason': None,
                            'status': 'True',
                            'type': 'Initialized'},
                           {'last_probe_time': None,
                            'last_transition_time': datetime.datetime(2025, 7, 28, 16, 13, 39, tzinfo=tzlocal()),
                            'message': None,
                            'reason': 'PodFailed',
                            'status': 'False',
                            'type': 'Ready'},
                           {'last_probe_time': None,
                            'last_transition_time': datetime.datetime(2025, 7, 28, 16, 13, 39, tzinfo=tzlocal()),
                            'message': None,
                            'reason': 'PodFailed',
                            'status': 'False',
                            'type': 'ContainersReady'},
                           {'last_probe_time': None,
                            'last_transition_time': datetime.datetime(2025, 7, 28, 15, 38, tzinfo=tzlocal()),
                            'message': None,
                            'reason': None,
                            'status': 'True',
                            'type': 'PodScheduled'}],
            'container_statuses': [{'allocated_resources': None,
                                    'container_id': 'docker://49dadac839976aba495d14aadc52431bfe69ffd5b08ef72146f78d94d8c7dc1a',
                                    'image': 'github-consumer:v1',
                                    'image_id': 'docker://sha256:d012a4b4bd1179d346cabbb2a35713f7990b018bafc4f0d0f7443ba372ca0cee',
                                    'last_state': {'running': None,
                                                   'terminated': None,
                                                   'waiting': None},
                                    'name': 'base',
                                    'ready': False,
                                    'resources': {'claims': None,
                                                  'limits': None,
                                                  'requests': None},
                                    'restart_count': 0,
                                    'started': False,
                                    'state': {'running': None,
                                              'terminated': {'container_id': 'docker://49dadac839976aba495d14aadc52431bfe69ffd5b08ef72146f78d94d8c7dc1a',
                                                             'exit_code': 137,
                                                             'finished_at': datetime.datetime(2025, 7, 28, 16, 13, 38, tzinfo=tzlocal()),
                                                             'message': None,
                                                             'reason': 'Error',
                                                             'signal': None,
                                                             'started_at': datetime.datetime(2025, 7, 28, 15, 38, 1, tzinfo=tzlocal())},
                                              'waiting': None}}],
            'ephemeral_container_statuses': None,
            'host_i_ps': [{'ip': '192.168.49.2'}],
            'host_ip': '192.168.49.2',
            'init_container_statuses': None,
            'message': None,
            'nominated_node_name': None,
            'phase': 'Failed',
            'pod_i_ps': [{'ip': '10.244.0.8'}],
            'pod_ip': '10.244.0.8',
            'qos_class': 'BestEffort',
            'reason': None,
            'resize': None,
            'resource_claim_statuses': None,
            'start_time': datetime.datetime(2025, 7, 28, 15, 38, tzinfo=tzlocal())}}; 1073)
[2025-07-28T16:13:39.997+0000] {local_task_job_runner.py:234} INFO - Task exited with return code 1
[2025-07-28T16:13:40.046+0000] {taskinstance.py:3312} INFO - 0 downstream tasks scheduled from follow-on schedule check
